2023-11-13 08:57:29,597 [restartedMain] INFO  com.base.BooksApiApplication                       - Starting BooksApiApplication using Java 17.0.7 on DESKTOP-I95DM75 with PID 15592 (C:\java 24th batch\java 24th batch\BOOKS-API\target\classes started by SANJAY in C:\java 24th batch\java 24th batch\BOOKS-API)
2023-11-13 08:57:29,606 [restartedMain] INFO  com.base.BooksApiApplication                       - No active profile set, falling back to 1 default profile: "default"
2023-11-13 08:57:29,707 [restartedMain] INFO  o.s.b.d.e.DevToolsPropertyDefaultsPostProcessor    - Devtools property defaults active! Set 'spring.devtools.add-properties' to 'false' to disable
2023-11-13 08:57:29,709 [restartedMain] INFO  o.s.b.d.e.DevToolsPropertyDefaultsPostProcessor    - For additional web related logging consider setting the 'logging.level.web' property to 'DEBUG'
2023-11-13 08:57:31,245 [restartedMain] INFO  o.s.d.r.c.RepositoryConfigurationDelegate          - Bootstrapping Spring Data JPA repositories in DEFAULT mode.
2023-11-13 08:57:31,345 [restartedMain] INFO  o.s.d.r.c.RepositoryConfigurationDelegate          - Finished Spring Data repository scanning in 78 ms. Found 1 JPA repository interfaces.
2023-11-13 08:57:32,259 [restartedMain] INFO  o.s.b.w.embedded.tomcat.TomcatWebServer            - Tomcat initialized with port(s): 8080 (http)
2023-11-13 08:57:32,271 [restartedMain] INFO  o.apache.coyote.http11.Http11NioProtocol           - Initializing ProtocolHandler ["http-nio-8080"]
2023-11-13 08:57:32,273 [restartedMain] INFO  org.apache.catalina.core.StandardService           - Starting service [Tomcat]
2023-11-13 08:57:32,274 [restartedMain] INFO  org.apache.catalina.core.StandardEngine            - Starting Servlet engine: [Apache Tomcat/9.0.82]
2023-11-13 08:57:32,381 [restartedMain] INFO  o.a.c.c.C.[Tomcat].[localhost].[/]                 - Initializing Spring embedded WebApplicationContext
2023-11-13 08:57:32,381 [restartedMain] INFO  o.s.b.w.s.c.ServletWebServerApplicationContext     - Root WebApplicationContext: initialization completed in 2671 ms
2023-11-13 08:57:32,654 [restartedMain] INFO  o.hibernate.jpa.internal.util.LogHelper            - HHH000204: Processing PersistenceUnitInfo [name: default]
2023-11-13 08:57:32,726 [restartedMain] INFO  org.hibernate.Version                              - HHH000412: Hibernate ORM core version 5.6.15.Final
2023-11-13 08:57:32,976 [restartedMain] INFO  org.hibernate.annotations.common.Version           - HCANN000001: Hibernate Commons Annotations {5.1.2.Final}
2023-11-13 08:57:33,161 [restartedMain] INFO  com.zaxxer.hikari.HikariDataSource                 - HikariPool-1 - Starting...
2023-11-13 08:57:33,170 [restartedMain] WARN  com.zaxxer.hikari.util.DriverDataSource            - Registered driver with driverClassName=com.mysql.jdbc.Driver was not found, trying direct instantiation.
2023-11-13 08:57:33,670 [restartedMain] INFO  com.zaxxer.hikari.HikariDataSource                 - HikariPool-1 - Start completed.
2023-11-13 08:57:33,735 [restartedMain] INFO  org.hibernate.dialect.Dialect                      - HHH000400: Using dialect: org.hibernate.dialect.MySQL8Dialect
2023-11-13 08:57:35,035 [restartedMain] INFO  o.h.e.t.j.p.i.JtaPlatformInitiator                 - HHH000490: Using JtaPlatform implementation: [org.hibernate.engine.transaction.jta.platform.internal.NoJtaPlatform]
2023-11-13 08:57:35,054 [restartedMain] INFO  o.s.o.j.LocalContainerEntityManagerFactoryBean     - Initialized JPA EntityManagerFactory for persistence unit 'default'
2023-11-13 08:57:35,782 [restartedMain] WARN  o.s.b.a.o.j.JpaBaseConfiguration$JpaWebConfiguration - spring.jpa.open-in-view is enabled by default. Therefore, database queries may be performed during view rendering. Explicitly configure spring.jpa.open-in-view to disable this warning
2023-11-13 08:57:35,983 [restartedMain] INFO  s.d.s.w.PropertySourcedRequestMappingHandlerMapping - Mapped URL path [/v2/api-docs] onto method [springfox.documentation.swagger2.web.Swagger2Controller#getDocumentation(String, HttpServletRequest)]
2023-11-13 08:57:36,178 [restartedMain] INFO  o.s.b.d.a.OptionalLiveReloadServer                 - LiveReload server is running on port 35729
2023-11-13 08:57:36,417 [restartedMain] INFO  o.apache.coyote.http11.Http11NioProtocol           - Starting ProtocolHandler ["http-nio-8080"]
2023-11-13 08:57:36,456 [restartedMain] INFO  o.s.b.w.embedded.tomcat.TomcatWebServer            - Tomcat started on port(s): 8080 (http) with context path ''
2023-11-13 08:57:36,458 [restartedMain] INFO  s.d.s.w.p.DocumentationPluginsBootstrapper         - Context refreshed
2023-11-13 08:57:36,492 [restartedMain] INFO  s.d.s.w.p.DocumentationPluginsBootstrapper         - Found 1 custom documentation plugin(s)
2023-11-13 08:57:36,530 [restartedMain] INFO  s.d.s.w.s.ApiListingReferenceScanner               - Scanning for api listing references
2023-11-13 08:57:36,700 [restartedMain] INFO  com.base.BooksApiApplication                       - Started BooksApiApplication in 7.73 seconds (JVM running for 9.384)
2023-11-13 09:14:21,362 [restartedMain] INFO  com.base.BooksApiApplication                       - Starting BooksApiApplication using Java 17.0.7 on DESKTOP-I95DM75 with PID 1924 (C:\java 24th batch\java 24th batch\BOOKS-API\target\classes started by SANJAY in C:\java 24th batch\java 24th batch\BOOKS-API)
2023-11-13 09:14:21,368 [restartedMain] INFO  com.base.BooksApiApplication                       - No active profile set, falling back to 1 default profile: "default"
2023-11-13 09:14:21,487 [restartedMain] INFO  o.s.b.d.e.DevToolsPropertyDefaultsPostProcessor    - Devtools property defaults active! Set 'spring.devtools.add-properties' to 'false' to disable
2023-11-13 09:14:21,488 [restartedMain] INFO  o.s.b.d.e.DevToolsPropertyDefaultsPostProcessor    - For additional web related logging consider setting the 'logging.level.web' property to 'DEBUG'
2023-11-13 09:14:23,198 [restartedMain] INFO  o.s.d.r.c.RepositoryConfigurationDelegate          - Bootstrapping Spring Data JPA repositories in DEFAULT mode.
2023-11-13 09:14:23,302 [restartedMain] INFO  o.s.d.r.c.RepositoryConfigurationDelegate          - Finished Spring Data repository scanning in 77 ms. Found 1 JPA repository interfaces.
2023-11-13 09:14:24,518 [restartedMain] INFO  o.s.b.w.embedded.tomcat.TomcatWebServer            - Tomcat initialized with port(s): 8080 (http)
2023-11-13 09:14:24,539 [restartedMain] INFO  o.apache.coyote.http11.Http11NioProtocol           - Initializing ProtocolHandler ["http-nio-8080"]
2023-11-13 09:14:24,545 [restartedMain] INFO  org.apache.catalina.core.StandardService           - Starting service [Tomcat]
2023-11-13 09:14:24,545 [restartedMain] INFO  org.apache.catalina.core.StandardEngine            - Starting Servlet engine: [Apache Tomcat/9.0.82]
2023-11-13 09:14:24,697 [restartedMain] INFO  o.a.c.c.C.[Tomcat].[localhost].[/]                 - Initializing Spring embedded WebApplicationContext
2023-11-13 09:14:24,697 [restartedMain] INFO  o.s.b.w.s.c.ServletWebServerApplicationContext     - Root WebApplicationContext: initialization completed in 3208 ms
2023-11-13 09:14:25,074 [restartedMain] INFO  o.hibernate.jpa.internal.util.LogHelper            - HHH000204: Processing PersistenceUnitInfo [name: default]
2023-11-13 09:14:25,185 [restartedMain] INFO  org.hibernate.Version                              - HHH000412: Hibernate ORM core version 5.6.15.Final
2023-11-13 09:14:25,486 [restartedMain] INFO  org.hibernate.annotations.common.Version           - HCANN000001: Hibernate Commons Annotations {5.1.2.Final}
2023-11-13 09:14:25,710 [restartedMain] INFO  com.zaxxer.hikari.HikariDataSource                 - HikariPool-1 - Starting...
2023-11-13 09:14:25,723 [restartedMain] WARN  com.zaxxer.hikari.util.DriverDataSource            - Registered driver with driverClassName=com.mysql.jdbc.Driver was not found, trying direct instantiation.
2023-11-13 09:14:26,556 [restartedMain] INFO  com.zaxxer.hikari.HikariDataSource                 - HikariPool-1 - Start completed.
2023-11-13 09:14:26,627 [restartedMain] INFO  org.hibernate.dialect.Dialect                      - HHH000400: Using dialect: org.hibernate.dialect.MySQL8Dialect
2023-11-13 09:14:28,182 [restartedMain] INFO  o.h.e.t.j.p.i.JtaPlatformInitiator                 - HHH000490: Using JtaPlatform implementation: [org.hibernate.engine.transaction.jta.platform.internal.NoJtaPlatform]
2023-11-13 09:14:28,202 [restartedMain] INFO  o.s.o.j.LocalContainerEntityManagerFactoryBean     - Initialized JPA EntityManagerFactory for persistence unit 'default'
2023-11-13 09:14:29,129 [restartedMain] WARN  o.s.b.a.o.j.JpaBaseConfiguration$JpaWebConfiguration - spring.jpa.open-in-view is enabled by default. Therefore, database queries may be performed during view rendering. Explicitly configure spring.jpa.open-in-view to disable this warning
2023-11-13 09:14:29,353 [restartedMain] INFO  s.d.s.w.PropertySourcedRequestMappingHandlerMapping - Mapped URL path [/v2/api-docs] onto method [springfox.documentation.swagger2.web.Swagger2Controller#getDocumentation(String, HttpServletRequest)]
2023-11-13 09:14:29,592 [restartedMain] WARN  o.s.b.d.a.OptionalLiveReloadServer                 - Unable to start LiveReload server
2023-11-13 09:14:29,929 [restartedMain] INFO  o.apache.coyote.http11.Http11NioProtocol           - Starting ProtocolHandler ["http-nio-8080"]
2023-11-13 09:14:29,942 [restartedMain] WARN  o.s.b.w.s.c.AnnotationConfigServletWebServerApplicationContext - Exception encountered during context initialization - cancelling refresh attempt: org.springframework.context.ApplicationContextException: Failed to start bean 'webServerStartStop'; nested exception is org.springframework.boot.web.server.PortInUseException: Port 8080 is already in use
2023-11-13 09:14:29,971 [restartedMain] INFO  o.s.o.j.LocalContainerEntityManagerFactoryBean     - Closing JPA EntityManagerFactory for persistence unit 'default'
2023-11-13 09:14:29,982 [restartedMain] INFO  com.zaxxer.hikari.HikariDataSource                 - HikariPool-1 - Shutdown initiated...
2023-11-13 09:14:30,056 [restartedMain] INFO  com.zaxxer.hikari.HikariDataSource                 - HikariPool-1 - Shutdown completed.
2023-11-13 09:14:30,068 [restartedMain] INFO  o.apache.coyote.http11.Http11NioProtocol           - Pausing ProtocolHandler ["http-nio-8080"]
2023-11-13 09:14:30,068 [restartedMain] INFO  org.apache.catalina.core.StandardService           - Stopping service [Tomcat]
2023-11-13 09:14:30,085 [restartedMain] INFO  o.apache.coyote.http11.Http11NioProtocol           - Stopping ProtocolHandler ["http-nio-8080"]
2023-11-13 09:14:30,087 [restartedMain] INFO  o.apache.coyote.http11.Http11NioProtocol           - Destroying ProtocolHandler ["http-nio-8080"]
2023-11-13 09:14:30,134 [restartedMain] INFO  o.s.b.a.l.ConditionEvaluationReportLoggingListener - 

Error starting ApplicationContext. To display the conditions report re-run your application with 'debug' enabled.
2023-11-13 09:14:30,217 [restartedMain] ERROR o.s.b.d.LoggingFailureAnalysisReporter             - 

***************************
APPLICATION FAILED TO START
***************************

Description:

Web server failed to start. Port 8080 was already in use.

Action:

Identify and stop the process that's listening on port 8080 or configure this application to listen on another port.

2023-11-13 09:14:43,807 [RMI TCP Connection(25)-127.0.0.1] INFO  o.s.b.a.SpringApplicationAdminMXBeanRegistrar$SpringApplicationAdmin - Application shutdown requested.
2023-11-13 09:14:44,564 [RMI TCP Connection(25)-127.0.0.1] INFO  o.apache.coyote.http11.Http11NioProtocol           - Pausing ProtocolHandler ["http-nio-8080"]
2023-11-13 09:14:44,566 [RMI TCP Connection(25)-127.0.0.1] INFO  org.apache.catalina.core.StandardService           - Stopping service [Tomcat]
2023-11-13 09:14:44,760 [RMI TCP Connection(25)-127.0.0.1] INFO  o.apache.coyote.http11.Http11NioProtocol           - Stopping ProtocolHandler ["http-nio-8080"]
2023-11-13 09:14:44,841 [RMI TCP Connection(25)-127.0.0.1] INFO  o.s.o.j.LocalContainerEntityManagerFactoryBean     - Closing JPA EntityManagerFactory for persistence unit 'default'
2023-11-13 09:14:44,961 [RMI TCP Connection(25)-127.0.0.1] INFO  com.zaxxer.hikari.HikariDataSource                 - HikariPool-1 - Shutdown initiated...
2023-11-13 09:14:45,105 [RMI TCP Connection(25)-127.0.0.1] INFO  com.zaxxer.hikari.HikariDataSource                 - HikariPool-1 - Shutdown completed.
2023-11-13 09:14:54,806 [restartedMain] INFO  com.base.BooksApiApplication                       - Starting BooksApiApplication using Java 17.0.7 on DESKTOP-I95DM75 with PID 10140 (C:\java 24th batch\java 24th batch\BOOKS-API\target\classes started by SANJAY in C:\java 24th batch\java 24th batch\BOOKS-API)
2023-11-13 09:14:54,814 [restartedMain] INFO  com.base.BooksApiApplication                       - No active profile set, falling back to 1 default profile: "default"
2023-11-13 09:14:54,952 [restartedMain] INFO  o.s.b.d.e.DevToolsPropertyDefaultsPostProcessor    - Devtools property defaults active! Set 'spring.devtools.add-properties' to 'false' to disable
2023-11-13 09:14:54,954 [restartedMain] INFO  o.s.b.d.e.DevToolsPropertyDefaultsPostProcessor    - For additional web related logging consider setting the 'logging.level.web' property to 'DEBUG'
2023-11-13 09:14:56,491 [restartedMain] INFO  o.s.d.r.c.RepositoryConfigurationDelegate          - Bootstrapping Spring Data JPA repositories in DEFAULT mode.
2023-11-13 09:14:56,572 [restartedMain] INFO  o.s.d.r.c.RepositoryConfigurationDelegate          - Finished Spring Data repository scanning in 66 ms. Found 1 JPA repository interfaces.
2023-11-13 09:14:57,693 [restartedMain] INFO  o.s.b.w.embedded.tomcat.TomcatWebServer            - Tomcat initialized with port(s): 8080 (http)
2023-11-13 09:14:57,708 [restartedMain] INFO  o.apache.coyote.http11.Http11NioProtocol           - Initializing ProtocolHandler ["http-nio-8080"]
2023-11-13 09:14:57,711 [restartedMain] INFO  org.apache.catalina.core.StandardService           - Starting service [Tomcat]
2023-11-13 09:14:57,712 [restartedMain] INFO  org.apache.catalina.core.StandardEngine            - Starting Servlet engine: [Apache Tomcat/9.0.82]
2023-11-13 09:14:57,854 [restartedMain] INFO  o.a.c.c.C.[Tomcat].[localhost].[/]                 - Initializing Spring embedded WebApplicationContext
2023-11-13 09:14:57,854 [restartedMain] INFO  o.s.b.w.s.c.ServletWebServerApplicationContext     - Root WebApplicationContext: initialization completed in 2891 ms
2023-11-13 09:14:58,181 [restartedMain] INFO  o.hibernate.jpa.internal.util.LogHelper            - HHH000204: Processing PersistenceUnitInfo [name: default]
2023-11-13 09:14:58,288 [restartedMain] INFO  org.hibernate.Version                              - HHH000412: Hibernate ORM core version 5.6.15.Final
2023-11-13 09:14:58,612 [restartedMain] INFO  org.hibernate.annotations.common.Version           - HCANN000001: Hibernate Commons Annotations {5.1.2.Final}
2023-11-13 09:14:58,808 [restartedMain] INFO  com.zaxxer.hikari.HikariDataSource                 - HikariPool-1 - Starting...
2023-11-13 09:14:58,816 [restartedMain] WARN  com.zaxxer.hikari.util.DriverDataSource            - Registered driver with driverClassName=com.mysql.jdbc.Driver was not found, trying direct instantiation.
2023-11-13 09:14:59,382 [restartedMain] INFO  com.zaxxer.hikari.HikariDataSource                 - HikariPool-1 - Start completed.
2023-11-13 09:14:59,440 [restartedMain] INFO  org.hibernate.dialect.Dialect                      - HHH000400: Using dialect: org.hibernate.dialect.MySQL8Dialect
2023-11-13 09:15:00,629 [restartedMain] INFO  o.h.e.t.j.p.i.JtaPlatformInitiator                 - HHH000490: Using JtaPlatform implementation: [org.hibernate.engine.transaction.jta.platform.internal.NoJtaPlatform]
2023-11-13 09:15:00,651 [restartedMain] INFO  o.s.o.j.LocalContainerEntityManagerFactoryBean     - Initialized JPA EntityManagerFactory for persistence unit 'default'
2023-11-13 09:15:02,278 [restartedMain] WARN  o.s.b.a.o.j.JpaBaseConfiguration$JpaWebConfiguration - spring.jpa.open-in-view is enabled by default. Therefore, database queries may be performed during view rendering. Explicitly configure spring.jpa.open-in-view to disable this warning
2023-11-13 09:15:02,707 [restartedMain] INFO  s.d.s.w.PropertySourcedRequestMappingHandlerMapping - Mapped URL path [/v2/api-docs] onto method [springfox.documentation.swagger2.web.Swagger2Controller#getDocumentation(String, HttpServletRequest)]
2023-11-13 09:15:03,092 [restartedMain] INFO  o.s.b.d.a.OptionalLiveReloadServer                 - LiveReload server is running on port 35729
2023-11-13 09:15:03,420 [restartedMain] INFO  o.apache.coyote.http11.Http11NioProtocol           - Starting ProtocolHandler ["http-nio-8080"]
2023-11-13 09:15:03,484 [restartedMain] INFO  o.s.b.w.embedded.tomcat.TomcatWebServer            - Tomcat started on port(s): 8080 (http) with context path ''
2023-11-13 09:15:03,486 [restartedMain] INFO  s.d.s.w.p.DocumentationPluginsBootstrapper         - Context refreshed
2023-11-13 09:15:03,531 [restartedMain] INFO  s.d.s.w.p.DocumentationPluginsBootstrapper         - Found 1 custom documentation plugin(s)
2023-11-13 09:15:03,575 [restartedMain] INFO  s.d.s.w.s.ApiListingReferenceScanner               - Scanning for api listing references
2023-11-13 09:15:03,875 [restartedMain] INFO  com.base.BooksApiApplication                       - Started BooksApiApplication in 10.005 seconds (JVM running for 11.924)
2023-11-13 09:15:22,199 [http-nio-8080-exec-1] INFO  o.a.c.c.C.[Tomcat].[localhost].[/]                 - Initializing Spring DispatcherServlet 'dispatcherServlet'
2023-11-13 09:15:22,202 [http-nio-8080-exec-1] INFO  o.s.web.servlet.DispatcherServlet                  - Initializing Servlet 'dispatcherServlet'
2023-11-13 09:15:22,209 [http-nio-8080-exec-1] INFO  o.s.web.servlet.DispatcherServlet                  - Completed initialization in 5 ms
2023-11-13 09:20:05,205 [http-nio-8080-exec-3] INFO  com.base.rest.BookRestController                   - Fetching book by ID: 2
2023-11-13 09:21:04,505 [http-nio-8080-exec-5] INFO  com.base.rest.BookRestController                   - Book saved successfully
2023-11-13 09:27:16,489 [RMI TCP Connection(20)-127.0.0.1] INFO  o.s.b.a.SpringApplicationAdminMXBeanRegistrar$SpringApplicationAdmin - Application shutdown requested.
2023-11-13 09:27:16,665 [RMI TCP Connection(20)-127.0.0.1] INFO  o.apache.coyote.http11.Http11NioProtocol           - Pausing ProtocolHandler ["http-nio-8080"]
2023-11-13 09:27:16,666 [RMI TCP Connection(20)-127.0.0.1] INFO  org.apache.catalina.core.StandardService           - Stopping service [Tomcat]
2023-11-13 09:27:16,676 [RMI TCP Connection(20)-127.0.0.1] INFO  o.a.c.c.C.[Tomcat].[localhost].[/]                 - Destroying Spring FrameworkServlet 'dispatcherServlet'
2023-11-13 09:27:16,701 [RMI TCP Connection(20)-127.0.0.1] INFO  o.apache.coyote.http11.Http11NioProtocol           - Stopping ProtocolHandler ["http-nio-8080"]
2023-11-13 09:27:16,729 [RMI TCP Connection(20)-127.0.0.1] INFO  o.s.o.j.LocalContainerEntityManagerFactoryBean     - Closing JPA EntityManagerFactory for persistence unit 'default'
2023-11-13 09:27:16,764 [RMI TCP Connection(20)-127.0.0.1] INFO  com.zaxxer.hikari.HikariDataSource                 - HikariPool-1 - Shutdown initiated...
2023-11-13 09:27:16,826 [RMI TCP Connection(20)-127.0.0.1] INFO  com.zaxxer.hikari.HikariDataSource                 - HikariPool-1 - Shutdown completed.
2023-11-13 16:53:00,810 [restartedMain] INFO  com.base.BooksApiApplication                       - Starting BooksApiApplication using Java 17.0.7 on DESKTOP-I95DM75 with PID 1108 (C:\java 24th batch\java 24th batch\BOOKS-API\target\classes started by SANJAY in C:\java 24th batch\java 24th batch\BOOKS-API)
2023-11-13 16:53:00,829 [restartedMain] INFO  com.base.BooksApiApplication                       - No active profile set, falling back to 1 default profile: "default"
2023-11-13 16:53:01,083 [restartedMain] INFO  o.s.b.d.e.DevToolsPropertyDefaultsPostProcessor    - Devtools property defaults active! Set 'spring.devtools.add-properties' to 'false' to disable
2023-11-13 16:53:01,084 [restartedMain] INFO  o.s.b.d.e.DevToolsPropertyDefaultsPostProcessor    - For additional web related logging consider setting the 'logging.level.web' property to 'DEBUG'
2023-11-13 16:53:04,127 [restartedMain] INFO  o.s.d.r.c.RepositoryConfigurationDelegate          - Bootstrapping Spring Data JPA repositories in DEFAULT mode.
2023-11-13 16:53:04,424 [restartedMain] INFO  o.s.d.r.c.RepositoryConfigurationDelegate          - Finished Spring Data repository scanning in 170 ms. Found 1 JPA repository interfaces.
2023-11-13 16:53:06,463 [restartedMain] INFO  o.s.b.w.embedded.tomcat.TomcatWebServer            - Tomcat initialized with port(s): 8080 (http)
2023-11-13 16:53:06,491 [restartedMain] INFO  o.apache.coyote.http11.Http11NioProtocol           - Initializing ProtocolHandler ["http-nio-8080"]
2023-11-13 16:53:06,495 [restartedMain] INFO  org.apache.catalina.core.StandardService           - Starting service [Tomcat]
2023-11-13 16:53:06,496 [restartedMain] INFO  org.apache.catalina.core.StandardEngine            - Starting Servlet engine: [Apache Tomcat/9.0.82]
2023-11-13 16:53:06,830 [restartedMain] INFO  o.a.c.c.C.[Tomcat].[localhost].[/]                 - Initializing Spring embedded WebApplicationContext
2023-11-13 16:53:06,838 [restartedMain] INFO  o.s.b.w.s.c.ServletWebServerApplicationContext     - Root WebApplicationContext: initialization completed in 5752 ms
2023-11-13 16:53:07,546 [restartedMain] INFO  o.hibernate.jpa.internal.util.LogHelper            - HHH000204: Processing PersistenceUnitInfo [name: default]
2023-11-13 16:53:07,764 [restartedMain] INFO  org.hibernate.Version                              - HHH000412: Hibernate ORM core version 5.6.15.Final
2023-11-13 16:53:08,220 [restartedMain] INFO  org.hibernate.annotations.common.Version           - HCANN000001: Hibernate Commons Annotations {5.1.2.Final}
2023-11-13 16:53:08,533 [restartedMain] INFO  com.zaxxer.hikari.HikariDataSource                 - HikariPool-1 - Starting...
2023-11-13 16:53:08,545 [restartedMain] WARN  com.zaxxer.hikari.util.DriverDataSource            - Registered driver with driverClassName=com.mysql.jdbc.Driver was not found, trying direct instantiation.
2023-11-13 16:53:09,470 [restartedMain] INFO  com.zaxxer.hikari.HikariDataSource                 - HikariPool-1 - Start completed.
2023-11-13 16:53:09,546 [restartedMain] INFO  org.hibernate.dialect.Dialect                      - HHH000400: Using dialect: org.hibernate.dialect.MySQL8Dialect
2023-11-13 16:53:12,185 [restartedMain] INFO  o.h.e.t.j.p.i.JtaPlatformInitiator                 - HHH000490: Using JtaPlatform implementation: [org.hibernate.engine.transaction.jta.platform.internal.NoJtaPlatform]
2023-11-13 16:53:12,215 [restartedMain] INFO  o.s.o.j.LocalContainerEntityManagerFactoryBean     - Initialized JPA EntityManagerFactory for persistence unit 'default'
2023-11-13 16:53:13,515 [restartedMain] WARN  o.s.b.a.o.j.JpaBaseConfiguration$JpaWebConfiguration - spring.jpa.open-in-view is enabled by default. Therefore, database queries may be performed during view rendering. Explicitly configure spring.jpa.open-in-view to disable this warning
2023-11-13 16:53:13,956 [restartedMain] INFO  s.d.s.w.PropertySourcedRequestMappingHandlerMapping - Mapped URL path [/v2/api-docs] onto method [springfox.documentation.swagger2.web.Swagger2Controller#getDocumentation(String, HttpServletRequest)]
2023-11-13 16:53:14,421 [restartedMain] INFO  o.s.b.d.a.OptionalLiveReloadServer                 - LiveReload server is running on port 35729
2023-11-13 16:53:14,930 [restartedMain] INFO  o.apache.coyote.http11.Http11NioProtocol           - Starting ProtocolHandler ["http-nio-8080"]
2023-11-13 16:53:14,987 [restartedMain] INFO  o.s.b.w.embedded.tomcat.TomcatWebServer            - Tomcat started on port(s): 8080 (http) with context path ''
2023-11-13 16:53:14,989 [restartedMain] INFO  s.d.s.w.p.DocumentationPluginsBootstrapper         - Context refreshed
2023-11-13 16:53:15,054 [restartedMain] INFO  s.d.s.w.p.DocumentationPluginsBootstrapper         - Found 1 custom documentation plugin(s)
2023-11-13 16:53:15,148 [restartedMain] INFO  s.d.s.w.s.ApiListingReferenceScanner               - Scanning for api listing references
2023-11-13 16:53:15,467 [restartedMain] INFO  com.base.BooksApiApplication                       - Started BooksApiApplication in 16.456 seconds (JVM running for 20.282)
2023-11-13 16:53:53,035 [http-nio-8080-exec-1] INFO  o.a.c.c.C.[Tomcat].[localhost].[/]                 - Initializing Spring DispatcherServlet 'dispatcherServlet'
2023-11-13 16:53:53,036 [http-nio-8080-exec-1] INFO  o.s.web.servlet.DispatcherServlet                  - Initializing Servlet 'dispatcherServlet'
2023-11-13 16:53:53,038 [http-nio-8080-exec-1] INFO  o.s.web.servlet.DispatcherServlet                  - Completed initialization in 2 ms
2023-11-13 16:54:23,915 [http-nio-8080-exec-9] INFO  com.base.rest.BookRestController                   - retrieving all books
2023-11-13 16:54:23,916 [http-nio-8080-exec-9] INFO  com.base.service.BookImplen                        - Fetching all books
2023-11-13 16:55:19,458 [http-nio-8080-exec-1] INFO  com.base.rest.BookRestController                   - retrieving all books
2023-11-13 16:55:19,458 [http-nio-8080-exec-1] INFO  com.base.service.BookImplen                        - Fetching all books
2023-11-13 16:55:23,010 [http-nio-8080-exec-3] INFO  com.base.rest.BookRestController                   - retrieving all books
2023-11-13 16:55:23,011 [http-nio-8080-exec-3] INFO  com.base.service.BookImplen                        - Fetching all books
2023-11-13 16:59:54,016 [RMI TCP Connection(10)-127.0.0.1] INFO  o.s.b.a.SpringApplicationAdminMXBeanRegistrar$SpringApplicationAdmin - Application shutdown requested.
2023-11-13 16:59:54,069 [RMI TCP Connection(10)-127.0.0.1] INFO  o.apache.coyote.http11.Http11NioProtocol           - Pausing ProtocolHandler ["http-nio-8080"]
2023-11-13 16:59:54,070 [RMI TCP Connection(10)-127.0.0.1] INFO  org.apache.catalina.core.StandardService           - Stopping service [Tomcat]
2023-11-13 16:59:54,073 [RMI TCP Connection(10)-127.0.0.1] INFO  o.a.c.c.C.[Tomcat].[localhost].[/]                 - Destroying Spring FrameworkServlet 'dispatcherServlet'
2023-11-13 16:59:54,096 [RMI TCP Connection(10)-127.0.0.1] INFO  o.apache.coyote.http11.Http11NioProtocol           - Stopping ProtocolHandler ["http-nio-8080"]
2023-11-13 16:59:54,105 [RMI TCP Connection(10)-127.0.0.1] INFO  o.apache.coyote.http11.Http11NioProtocol           - Destroying ProtocolHandler ["http-nio-8080"]
2023-11-13 16:59:54,136 [RMI TCP Connection(10)-127.0.0.1] INFO  o.s.o.j.LocalContainerEntityManagerFactoryBean     - Closing JPA EntityManagerFactory for persistence unit 'default'
2023-11-13 16:59:54,147 [RMI TCP Connection(10)-127.0.0.1] INFO  com.zaxxer.hikari.HikariDataSource                 - HikariPool-1 - Shutdown initiated...
2023-11-13 16:59:54,221 [RMI TCP Connection(10)-127.0.0.1] INFO  com.zaxxer.hikari.HikariDataSource                 - HikariPool-1 - Shutdown completed.
2023-11-13 17:01:33,327 [restartedMain] INFO  com.base.BooksApiApplication                       - Starting BooksApiApplication using Java 17.0.7 on DESKTOP-I95DM75 with PID 10524 (C:\java 24th batch\java 24th batch\BOOKS-API\target\classes started by SANJAY in C:\java 24th batch\java 24th batch\BOOKS-API)
2023-11-13 17:01:33,334 [restartedMain] INFO  com.base.BooksApiApplication                       - No active profile set, falling back to 1 default profile: "default"
2023-11-13 17:01:33,570 [restartedMain] INFO  o.s.b.d.e.DevToolsPropertyDefaultsPostProcessor    - Devtools property defaults active! Set 'spring.devtools.add-properties' to 'false' to disable
2023-11-13 17:01:33,570 [restartedMain] INFO  o.s.b.d.e.DevToolsPropertyDefaultsPostProcessor    - For additional web related logging consider setting the 'logging.level.web' property to 'DEBUG'
2023-11-13 17:01:36,363 [restartedMain] INFO  o.s.d.r.c.RepositoryConfigurationDelegate          - Bootstrapping Spring Data JPA repositories in DEFAULT mode.
2023-11-13 17:01:36,522 [restartedMain] INFO  o.s.d.r.c.RepositoryConfigurationDelegate          - Finished Spring Data repository scanning in 126 ms. Found 1 JPA repository interfaces.
2023-11-13 17:01:38,653 [restartedMain] INFO  o.s.b.w.embedded.tomcat.TomcatWebServer            - Tomcat initialized with port(s): 8080 (http)
2023-11-13 17:01:38,670 [restartedMain] INFO  o.apache.coyote.http11.Http11NioProtocol           - Initializing ProtocolHandler ["http-nio-8080"]
2023-11-13 17:01:38,680 [restartedMain] INFO  org.apache.catalina.core.StandardService           - Starting service [Tomcat]
2023-11-13 17:01:38,681 [restartedMain] INFO  org.apache.catalina.core.StandardEngine            - Starting Servlet engine: [Apache Tomcat/9.0.82]
2023-11-13 17:01:38,921 [restartedMain] INFO  o.a.c.c.C.[Tomcat].[localhost].[/]                 - Initializing Spring embedded WebApplicationContext
2023-11-13 17:01:38,925 [restartedMain] INFO  o.s.b.w.s.c.ServletWebServerApplicationContext     - Root WebApplicationContext: initialization completed in 5347 ms
2023-11-13 17:01:39,600 [restartedMain] INFO  o.hibernate.jpa.internal.util.LogHelper            - HHH000204: Processing PersistenceUnitInfo [name: default]
2023-11-13 17:01:39,803 [restartedMain] INFO  org.hibernate.Version                              - HHH000412: Hibernate ORM core version 5.6.15.Final
2023-11-13 17:01:40,407 [restartedMain] INFO  org.hibernate.annotations.common.Version           - HCANN000001: Hibernate Commons Annotations {5.1.2.Final}
2023-11-13 17:01:40,801 [restartedMain] INFO  com.zaxxer.hikari.HikariDataSource                 - HikariPool-1 - Starting...
2023-11-13 17:01:40,824 [restartedMain] WARN  com.zaxxer.hikari.util.DriverDataSource            - Registered driver with driverClassName=com.mysql.jdbc.Driver was not found, trying direct instantiation.
2023-11-13 17:01:41,826 [restartedMain] INFO  com.zaxxer.hikari.HikariDataSource                 - HikariPool-1 - Start completed.
2023-11-13 17:01:41,981 [restartedMain] INFO  org.hibernate.dialect.Dialect                      - HHH000400: Using dialect: org.hibernate.dialect.MySQL8Dialect
2023-11-13 17:01:44,168 [restartedMain] INFO  o.h.e.t.j.p.i.JtaPlatformInitiator                 - HHH000490: Using JtaPlatform implementation: [org.hibernate.engine.transaction.jta.platform.internal.NoJtaPlatform]
2023-11-13 17:01:44,209 [restartedMain] INFO  o.s.o.j.LocalContainerEntityManagerFactoryBean     - Initialized JPA EntityManagerFactory for persistence unit 'default'
2023-11-13 17:01:45,733 [restartedMain] WARN  o.s.b.a.o.j.JpaBaseConfiguration$JpaWebConfiguration - spring.jpa.open-in-view is enabled by default. Therefore, database queries may be performed during view rendering. Explicitly configure spring.jpa.open-in-view to disable this warning
2023-11-13 17:01:46,186 [restartedMain] INFO  s.d.s.w.PropertySourcedRequestMappingHandlerMapping - Mapped URL path [/v2/api-docs] onto method [springfox.documentation.swagger2.web.Swagger2Controller#getDocumentation(String, HttpServletRequest)]
2023-11-13 17:01:46,647 [restartedMain] INFO  o.s.b.d.a.OptionalLiveReloadServer                 - LiveReload server is running on port 35729
2023-11-13 17:01:47,146 [restartedMain] INFO  o.apache.coyote.http11.Http11NioProtocol           - Starting ProtocolHandler ["http-nio-8080"]
2023-11-13 17:01:47,246 [restartedMain] INFO  o.s.b.w.embedded.tomcat.TomcatWebServer            - Tomcat started on port(s): 8080 (http) with context path ''
2023-11-13 17:01:47,251 [restartedMain] INFO  s.d.s.w.p.DocumentationPluginsBootstrapper         - Context refreshed
2023-11-13 17:01:47,336 [restartedMain] INFO  s.d.s.w.p.DocumentationPluginsBootstrapper         - Found 1 custom documentation plugin(s)
2023-11-13 17:01:47,448 [restartedMain] INFO  s.d.s.w.s.ApiListingReferenceScanner               - Scanning for api listing references
2023-11-13 17:01:47,881 [restartedMain] INFO  com.base.BooksApiApplication                       - Started BooksApiApplication in 15.967 seconds (JVM running for 19.064)
2023-11-13 17:01:57,518 [http-nio-8080-exec-1] INFO  o.a.c.c.C.[Tomcat].[localhost].[/]                 - Initializing Spring DispatcherServlet 'dispatcherServlet'
2023-11-13 17:01:57,519 [http-nio-8080-exec-1] INFO  o.s.web.servlet.DispatcherServlet                  - Initializing Servlet 'dispatcherServlet'
2023-11-13 17:01:57,528 [http-nio-8080-exec-1] INFO  o.s.web.servlet.DispatcherServlet                  - Completed initialization in 9 ms
2023-11-13 17:02:24,908 [http-nio-8080-exec-2] INFO  com.base.rest.BookRestController                   - retrieving all books
2023-11-13 17:02:24,909 [http-nio-8080-exec-2] INFO  com.base.service.BookImplen                        - Fetching all books
2023-11-13 17:07:57,756 [RMI TCP Connection(11)-127.0.0.1] INFO  o.s.b.a.SpringApplicationAdminMXBeanRegistrar$SpringApplicationAdmin - Application shutdown requested.
2023-11-13 17:07:57,785 [RMI TCP Connection(11)-127.0.0.1] INFO  o.apache.coyote.http11.Http11NioProtocol           - Pausing ProtocolHandler ["http-nio-8080"]
2023-11-13 17:07:57,786 [RMI TCP Connection(11)-127.0.0.1] INFO  org.apache.catalina.core.StandardService           - Stopping service [Tomcat]
2023-11-13 17:07:57,791 [RMI TCP Connection(11)-127.0.0.1] INFO  o.a.c.c.C.[Tomcat].[localhost].[/]                 - Destroying Spring FrameworkServlet 'dispatcherServlet'
2023-11-13 17:07:57,799 [RMI TCP Connection(11)-127.0.0.1] INFO  o.apache.coyote.http11.Http11NioProtocol           - Stopping ProtocolHandler ["http-nio-8080"]
2023-11-13 17:07:57,805 [RMI TCP Connection(11)-127.0.0.1] INFO  o.apache.coyote.http11.Http11NioProtocol           - Destroying ProtocolHandler ["http-nio-8080"]
2023-11-13 17:07:57,812 [RMI TCP Connection(11)-127.0.0.1] INFO  o.s.o.j.LocalContainerEntityManagerFactoryBean     - Closing JPA EntityManagerFactory for persistence unit 'default'
2023-11-13 17:07:57,825 [RMI TCP Connection(11)-127.0.0.1] INFO  com.zaxxer.hikari.HikariDataSource                 - HikariPool-1 - Shutdown initiated...
2023-11-13 17:07:57,857 [RMI TCP Connection(11)-127.0.0.1] INFO  com.zaxxer.hikari.HikariDataSource                 - HikariPool-1 - Shutdown completed.
