2023-11-12 10:38:02,885 [restartedMain] INFO  com.base.BooksApiApplication                       - Starting BooksApiApplication using Java 17.0.7 on DESKTOP-I95DM75 with PID 4380 (C:\java 24th batch\java 24th batch\BOOKS-API\target\classes started by SANJAY in C:\java 24th batch\java 24th batch\BOOKS-API)
2023-11-12 10:38:02,890 [restartedMain] INFO  com.base.BooksApiApplication                       - No active profile set, falling back to 1 default profile: "default"
2023-11-12 10:38:03,018 [restartedMain] INFO  o.s.b.d.e.DevToolsPropertyDefaultsPostProcessor    - Devtools property defaults active! Set 'spring.devtools.add-properties' to 'false' to disable
2023-11-12 10:38:03,019 [restartedMain] INFO  o.s.b.d.e.DevToolsPropertyDefaultsPostProcessor    - For additional web related logging consider setting the 'logging.level.web' property to 'DEBUG'
2023-11-12 10:38:04,871 [restartedMain] INFO  o.s.d.r.c.RepositoryConfigurationDelegate          - Bootstrapping Spring Data JPA repositories in DEFAULT mode.
2023-11-12 10:38:04,973 [restartedMain] INFO  o.s.d.r.c.RepositoryConfigurationDelegate          - Finished Spring Data repository scanning in 71 ms. Found 1 JPA repository interfaces.
2023-11-12 10:38:06,137 [restartedMain] INFO  o.s.b.w.embedded.tomcat.TomcatWebServer            - Tomcat initialized with port(s): 8080 (http)
2023-11-12 10:38:06,152 [restartedMain] INFO  o.apache.coyote.http11.Http11NioProtocol           - Initializing ProtocolHandler ["http-nio-8080"]
2023-11-12 10:38:06,155 [restartedMain] INFO  org.apache.catalina.core.StandardService           - Starting service [Tomcat]
2023-11-12 10:38:06,155 [restartedMain] INFO  org.apache.catalina.core.StandardEngine            - Starting Servlet engine: [Apache Tomcat/9.0.82]
2023-11-12 10:38:06,291 [restartedMain] INFO  o.a.c.c.C.[Tomcat].[localhost].[/]                 - Initializing Spring embedded WebApplicationContext
2023-11-12 10:38:06,291 [restartedMain] INFO  o.s.b.w.s.c.ServletWebServerApplicationContext     - Root WebApplicationContext: initialization completed in 3271 ms
2023-11-12 10:38:06,599 [restartedMain] INFO  o.hibernate.jpa.internal.util.LogHelper            - HHH000204: Processing PersistenceUnitInfo [name: default]
2023-11-12 10:38:06,711 [restartedMain] INFO  org.hibernate.Version                              - HHH000412: Hibernate ORM core version 5.6.15.Final
2023-11-12 10:38:07,069 [restartedMain] INFO  org.hibernate.annotations.common.Version           - HCANN000001: Hibernate Commons Annotations {5.1.2.Final}
2023-11-12 10:38:07,523 [restartedMain] INFO  com.zaxxer.hikari.HikariDataSource                 - HikariPool-1 - Starting...
2023-11-12 10:38:07,556 [restartedMain] WARN  com.zaxxer.hikari.util.DriverDataSource            - Registered driver with driverClassName=com.mysql.jdbc.Driver was not found, trying direct instantiation.
2023-11-12 10:38:09,033 [restartedMain] INFO  com.zaxxer.hikari.HikariDataSource                 - HikariPool-1 - Start completed.
2023-11-12 10:38:09,226 [restartedMain] INFO  org.hibernate.dialect.Dialect                      - HHH000400: Using dialect: org.hibernate.dialect.MySQL8Dialect
2023-11-12 10:38:11,474 [restartedMain] INFO  o.h.e.t.j.p.i.JtaPlatformInitiator                 - HHH000490: Using JtaPlatform implementation: [org.hibernate.engine.transaction.jta.platform.internal.NoJtaPlatform]
2023-11-12 10:38:11,491 [restartedMain] INFO  o.s.o.j.LocalContainerEntityManagerFactoryBean     - Initialized JPA EntityManagerFactory for persistence unit 'default'
2023-11-12 10:38:12,780 [restartedMain] WARN  o.s.b.a.o.j.JpaBaseConfiguration$JpaWebConfiguration - spring.jpa.open-in-view is enabled by default. Therefore, database queries may be performed during view rendering. Explicitly configure spring.jpa.open-in-view to disable this warning
2023-11-12 10:38:13,203 [restartedMain] INFO  s.d.s.w.PropertySourcedRequestMappingHandlerMapping - Mapped URL path [/v2/api-docs] onto method [springfox.documentation.swagger2.web.Swagger2Controller#getDocumentation(String, HttpServletRequest)]
2023-11-12 10:38:13,565 [restartedMain] INFO  o.s.b.d.a.OptionalLiveReloadServer                 - LiveReload server is running on port 35729
2023-11-12 10:38:14,458 [restartedMain] INFO  o.apache.coyote.http11.Http11NioProtocol           - Starting ProtocolHandler ["http-nio-8080"]
2023-11-12 10:38:14,532 [restartedMain] INFO  o.s.b.w.embedded.tomcat.TomcatWebServer            - Tomcat started on port(s): 8080 (http) with context path ''
2023-11-12 10:38:14,539 [restartedMain] INFO  s.d.s.w.p.DocumentationPluginsBootstrapper         - Context refreshed
2023-11-12 10:38:14,595 [restartedMain] INFO  s.d.s.w.p.DocumentationPluginsBootstrapper         - Found 1 custom documentation plugin(s)
2023-11-12 10:38:14,802 [restartedMain] INFO  s.d.s.w.s.ApiListingReferenceScanner               - Scanning for api listing references
2023-11-12 10:38:15,471 [restartedMain] INFO  com.base.BooksApiApplication                       - Started BooksApiApplication in 13.334 seconds (JVM running for 16.587)
2023-11-12 10:48:12,591 [RMI TCP Connection(13)-127.0.0.1] INFO  o.s.b.a.SpringApplicationAdminMXBeanRegistrar$SpringApplicationAdmin - Application shutdown requested.
2023-11-12 10:48:12,881 [RMI TCP Connection(13)-127.0.0.1] INFO  o.apache.coyote.http11.Http11NioProtocol           - Pausing ProtocolHandler ["http-nio-8080"]
2023-11-12 10:48:12,885 [RMI TCP Connection(13)-127.0.0.1] INFO  org.apache.catalina.core.StandardService           - Stopping service [Tomcat]
2023-11-12 10:48:12,957 [RMI TCP Connection(13)-127.0.0.1] INFO  o.apache.coyote.http11.Http11NioProtocol           - Stopping ProtocolHandler ["http-nio-8080"]
2023-11-12 10:48:12,983 [RMI TCP Connection(13)-127.0.0.1] INFO  o.apache.coyote.http11.Http11NioProtocol           - Destroying ProtocolHandler ["http-nio-8080"]
2023-11-12 10:48:13,008 [RMI TCP Connection(13)-127.0.0.1] INFO  o.s.o.j.LocalContainerEntityManagerFactoryBean     - Closing JPA EntityManagerFactory for persistence unit 'default'
2023-11-12 10:48:13,067 [RMI TCP Connection(13)-127.0.0.1] INFO  com.zaxxer.hikari.HikariDataSource                 - HikariPool-1 - Shutdown initiated...
2023-11-12 10:48:13,173 [RMI TCP Connection(13)-127.0.0.1] INFO  com.zaxxer.hikari.HikariDataSource                 - HikariPool-1 - Shutdown completed.
2023-11-12 11:20:53,870 [restartedMain] INFO  com.base.BooksApiApplication                       - Starting BooksApiApplication using Java 17.0.7 on DESKTOP-I95DM75 with PID 13492 (C:\java 24th batch\java 24th batch\BOOKS-API\target\classes started by SANJAY in C:\java 24th batch\java 24th batch\BOOKS-API)
2023-11-12 11:20:53,879 [restartedMain] INFO  com.base.BooksApiApplication                       - No active profile set, falling back to 1 default profile: "default"
2023-11-12 11:20:54,032 [restartedMain] INFO  o.s.b.d.e.DevToolsPropertyDefaultsPostProcessor    - Devtools property defaults active! Set 'spring.devtools.add-properties' to 'false' to disable
2023-11-12 11:20:54,033 [restartedMain] INFO  o.s.b.d.e.DevToolsPropertyDefaultsPostProcessor    - For additional web related logging consider setting the 'logging.level.web' property to 'DEBUG'
2023-11-12 11:20:55,566 [restartedMain] INFO  o.s.d.r.c.RepositoryConfigurationDelegate          - Bootstrapping Spring Data JPA repositories in DEFAULT mode.
2023-11-12 11:20:55,673 [restartedMain] INFO  o.s.d.r.c.RepositoryConfigurationDelegate          - Finished Spring Data repository scanning in 82 ms. Found 1 JPA repository interfaces.
2023-11-12 11:20:57,514 [restartedMain] INFO  o.s.b.w.embedded.tomcat.TomcatWebServer            - Tomcat initialized with port(s): 8080 (http)
2023-11-12 11:20:57,557 [restartedMain] INFO  o.apache.coyote.http11.Http11NioProtocol           - Initializing ProtocolHandler ["http-nio-8080"]
2023-11-12 11:20:57,560 [restartedMain] INFO  org.apache.catalina.core.StandardService           - Starting service [Tomcat]
2023-11-12 11:20:57,560 [restartedMain] INFO  org.apache.catalina.core.StandardEngine            - Starting Servlet engine: [Apache Tomcat/9.0.82]
2023-11-12 11:20:57,885 [restartedMain] INFO  o.a.c.c.C.[Tomcat].[localhost].[/]                 - Initializing Spring embedded WebApplicationContext
2023-11-12 11:20:57,886 [restartedMain] INFO  o.s.b.w.s.c.ServletWebServerApplicationContext     - Root WebApplicationContext: initialization completed in 3852 ms
2023-11-12 11:20:58,281 [restartedMain] INFO  o.hibernate.jpa.internal.util.LogHelper            - HHH000204: Processing PersistenceUnitInfo [name: default]
2023-11-12 11:20:58,399 [restartedMain] INFO  org.hibernate.Version                              - HHH000412: Hibernate ORM core version 5.6.15.Final
2023-11-12 11:20:58,956 [restartedMain] INFO  org.hibernate.annotations.common.Version           - HCANN000001: Hibernate Commons Annotations {5.1.2.Final}
2023-11-12 11:20:59,317 [restartedMain] INFO  com.zaxxer.hikari.HikariDataSource                 - HikariPool-1 - Starting...
2023-11-12 11:20:59,329 [restartedMain] WARN  com.zaxxer.hikari.util.DriverDataSource            - Registered driver with driverClassName=com.mysql.jdbc.Driver was not found, trying direct instantiation.
2023-11-12 11:21:00,071 [restartedMain] INFO  com.zaxxer.hikari.HikariDataSource                 - HikariPool-1 - Start completed.
2023-11-12 11:21:00,159 [restartedMain] INFO  org.hibernate.dialect.Dialect                      - HHH000400: Using dialect: org.hibernate.dialect.MySQL8Dialect
2023-11-12 11:21:02,619 [restartedMain] INFO  o.h.e.t.j.p.i.JtaPlatformInitiator                 - HHH000490: Using JtaPlatform implementation: [org.hibernate.engine.transaction.jta.platform.internal.NoJtaPlatform]
2023-11-12 11:21:02,638 [restartedMain] INFO  o.s.o.j.LocalContainerEntityManagerFactoryBean     - Initialized JPA EntityManagerFactory for persistence unit 'default'
2023-11-12 11:21:04,367 [restartedMain] WARN  o.s.b.a.o.j.JpaBaseConfiguration$JpaWebConfiguration - spring.jpa.open-in-view is enabled by default. Therefore, database queries may be performed during view rendering. Explicitly configure spring.jpa.open-in-view to disable this warning
2023-11-12 11:21:04,601 [restartedMain] INFO  s.d.s.w.PropertySourcedRequestMappingHandlerMapping - Mapped URL path [/v2/api-docs] onto method [springfox.documentation.swagger2.web.Swagger2Controller#getDocumentation(String, HttpServletRequest)]
2023-11-12 11:21:04,835 [restartedMain] INFO  o.s.b.d.a.OptionalLiveReloadServer                 - LiveReload server is running on port 35729
2023-11-12 11:21:05,602 [restartedMain] INFO  o.apache.coyote.http11.Http11NioProtocol           - Starting ProtocolHandler ["http-nio-8080"]
2023-11-12 11:21:05,659 [restartedMain] INFO  o.s.b.w.embedded.tomcat.TomcatWebServer            - Tomcat started on port(s): 8080 (http) with context path ''
2023-11-12 11:21:05,660 [restartedMain] INFO  s.d.s.w.p.DocumentationPluginsBootstrapper         - Context refreshed
2023-11-12 11:21:05,702 [restartedMain] INFO  s.d.s.w.p.DocumentationPluginsBootstrapper         - Found 1 custom documentation plugin(s)
2023-11-12 11:21:05,758 [restartedMain] INFO  s.d.s.w.s.ApiListingReferenceScanner               - Scanning for api listing references
2023-11-12 11:21:05,985 [restartedMain] INFO  com.base.BooksApiApplication                       - Started BooksApiApplication in 13.187 seconds (JVM running for 14.885)
2023-11-12 11:22:20,968 [RMI TCP Connection(10)-127.0.0.1] INFO  o.s.b.a.SpringApplicationAdminMXBeanRegistrar$SpringApplicationAdmin - Application shutdown requested.
2023-11-12 11:22:20,987 [RMI TCP Connection(10)-127.0.0.1] INFO  o.apache.coyote.http11.Http11NioProtocol           - Pausing ProtocolHandler ["http-nio-8080"]
2023-11-12 11:22:20,987 [RMI TCP Connection(10)-127.0.0.1] INFO  org.apache.catalina.core.StandardService           - Stopping service [Tomcat]
2023-11-12 11:22:20,996 [RMI TCP Connection(10)-127.0.0.1] INFO  o.apache.coyote.http11.Http11NioProtocol           - Stopping ProtocolHandler ["http-nio-8080"]
2023-11-12 11:22:21,000 [RMI TCP Connection(10)-127.0.0.1] INFO  o.apache.coyote.http11.Http11NioProtocol           - Destroying ProtocolHandler ["http-nio-8080"]
2023-11-12 11:22:21,006 [RMI TCP Connection(10)-127.0.0.1] INFO  o.s.o.j.LocalContainerEntityManagerFactoryBean     - Closing JPA EntityManagerFactory for persistence unit 'default'
2023-11-12 11:22:21,012 [RMI TCP Connection(10)-127.0.0.1] INFO  com.zaxxer.hikari.HikariDataSource                 - HikariPool-1 - Shutdown initiated...
2023-11-12 11:22:21,029 [RMI TCP Connection(10)-127.0.0.1] INFO  com.zaxxer.hikari.HikariDataSource                 - HikariPool-1 - Shutdown completed.
2023-11-12 11:22:31,723 [restartedMain] INFO  com.base.BooksApiApplication                       - Starting BooksApiApplication using Java 17.0.7 on DESKTOP-I95DM75 with PID 1596 (C:\java 24th batch\java 24th batch\BOOKS-API\target\classes started by SANJAY in C:\java 24th batch\java 24th batch\BOOKS-API)
2023-11-12 11:22:31,729 [restartedMain] INFO  com.base.BooksApiApplication                       - No active profile set, falling back to 1 default profile: "default"
2023-11-12 11:22:31,837 [restartedMain] INFO  o.s.b.d.e.DevToolsPropertyDefaultsPostProcessor    - Devtools property defaults active! Set 'spring.devtools.add-properties' to 'false' to disable
2023-11-12 11:22:31,837 [restartedMain] INFO  o.s.b.d.e.DevToolsPropertyDefaultsPostProcessor    - For additional web related logging consider setting the 'logging.level.web' property to 'DEBUG'
2023-11-12 11:22:34,094 [restartedMain] INFO  o.s.d.r.c.RepositoryConfigurationDelegate          - Bootstrapping Spring Data JPA repositories in DEFAULT mode.
2023-11-12 11:22:34,198 [restartedMain] INFO  o.s.d.r.c.RepositoryConfigurationDelegate          - Finished Spring Data repository scanning in 80 ms. Found 1 JPA repository interfaces.
2023-11-12 11:22:36,039 [restartedMain] INFO  o.s.b.w.embedded.tomcat.TomcatWebServer            - Tomcat initialized with port(s): 8080 (http)
2023-11-12 11:22:36,075 [restartedMain] INFO  o.apache.coyote.http11.Http11NioProtocol           - Initializing ProtocolHandler ["http-nio-8080"]
2023-11-12 11:22:36,080 [restartedMain] INFO  org.apache.catalina.core.StandardService           - Starting service [Tomcat]
2023-11-12 11:22:36,080 [restartedMain] INFO  org.apache.catalina.core.StandardEngine            - Starting Servlet engine: [Apache Tomcat/9.0.82]
2023-11-12 11:22:36,377 [restartedMain] INFO  o.a.c.c.C.[Tomcat].[localhost].[/]                 - Initializing Spring embedded WebApplicationContext
2023-11-12 11:22:36,377 [restartedMain] INFO  o.s.b.w.s.c.ServletWebServerApplicationContext     - Root WebApplicationContext: initialization completed in 4539 ms
2023-11-12 11:22:36,706 [restartedMain] INFO  o.hibernate.jpa.internal.util.LogHelper            - HHH000204: Processing PersistenceUnitInfo [name: default]
2023-11-12 11:22:36,809 [restartedMain] INFO  org.hibernate.Version                              - HHH000412: Hibernate ORM core version 5.6.15.Final
2023-11-12 11:22:37,148 [restartedMain] INFO  org.hibernate.annotations.common.Version           - HCANN000001: Hibernate Commons Annotations {5.1.2.Final}
2023-11-12 11:22:37,503 [restartedMain] INFO  com.zaxxer.hikari.HikariDataSource                 - HikariPool-1 - Starting...
2023-11-12 11:22:37,523 [restartedMain] WARN  com.zaxxer.hikari.util.DriverDataSource            - Registered driver with driverClassName=com.mysql.jdbc.Driver was not found, trying direct instantiation.
2023-11-12 11:22:38,495 [restartedMain] INFO  com.zaxxer.hikari.HikariDataSource                 - HikariPool-1 - Start completed.
2023-11-12 11:22:38,565 [restartedMain] INFO  org.hibernate.dialect.Dialect                      - HHH000400: Using dialect: org.hibernate.dialect.MySQL8Dialect
2023-11-12 11:22:39,930 [restartedMain] INFO  o.h.e.t.j.p.i.JtaPlatformInitiator                 - HHH000490: Using JtaPlatform implementation: [org.hibernate.engine.transaction.jta.platform.internal.NoJtaPlatform]
2023-11-12 11:22:39,947 [restartedMain] INFO  o.s.o.j.LocalContainerEntityManagerFactoryBean     - Initialized JPA EntityManagerFactory for persistence unit 'default'
2023-11-12 11:22:40,764 [restartedMain] WARN  o.s.b.a.o.j.JpaBaseConfiguration$JpaWebConfiguration - spring.jpa.open-in-view is enabled by default. Therefore, database queries may be performed during view rendering. Explicitly configure spring.jpa.open-in-view to disable this warning
2023-11-12 11:22:41,007 [restartedMain] INFO  s.d.s.w.PropertySourcedRequestMappingHandlerMapping - Mapped URL path [/v2/api-docs] onto method [springfox.documentation.swagger2.web.Swagger2Controller#getDocumentation(String, HttpServletRequest)]
2023-11-12 11:22:41,211 [restartedMain] INFO  o.s.b.d.a.OptionalLiveReloadServer                 - LiveReload server is running on port 35729
2023-11-12 11:22:41,493 [restartedMain] INFO  o.apache.coyote.http11.Http11NioProtocol           - Starting ProtocolHandler ["http-nio-8080"]
2023-11-12 11:22:41,529 [restartedMain] INFO  o.s.b.w.embedded.tomcat.TomcatWebServer            - Tomcat started on port(s): 8080 (http) with context path ''
2023-11-12 11:22:41,534 [restartedMain] INFO  s.d.s.w.p.DocumentationPluginsBootstrapper         - Context refreshed
2023-11-12 11:22:41,570 [restartedMain] INFO  s.d.s.w.p.DocumentationPluginsBootstrapper         - Found 1 custom documentation plugin(s)
2023-11-12 11:22:41,609 [restartedMain] INFO  s.d.s.w.s.ApiListingReferenceScanner               - Scanning for api listing references
2023-11-12 11:22:41,827 [restartedMain] INFO  com.base.BooksApiApplication                       - Started BooksApiApplication in 10.745 seconds (JVM running for 12.698)
2023-11-12 11:23:02,935 [http-nio-8080-exec-1] INFO  o.a.c.c.C.[Tomcat].[localhost].[/]                 - Initializing Spring DispatcherServlet 'dispatcherServlet'
2023-11-12 11:23:02,936 [http-nio-8080-exec-1] INFO  o.s.web.servlet.DispatcherServlet                  - Initializing Servlet 'dispatcherServlet'
2023-11-12 11:23:02,940 [http-nio-8080-exec-1] INFO  o.s.web.servlet.DispatcherServlet                  - Completed initialization in 4 ms
2023-11-12 11:26:52,504 [RMI TCP Connection(11)-127.0.0.1] INFO  o.s.b.a.SpringApplicationAdminMXBeanRegistrar$SpringApplicationAdmin - Application shutdown requested.
2023-11-12 11:26:52,527 [RMI TCP Connection(11)-127.0.0.1] INFO  o.apache.coyote.http11.Http11NioProtocol           - Pausing ProtocolHandler ["http-nio-8080"]
2023-11-12 11:26:52,528 [RMI TCP Connection(11)-127.0.0.1] INFO  org.apache.catalina.core.StandardService           - Stopping service [Tomcat]
2023-11-12 11:26:52,532 [RMI TCP Connection(11)-127.0.0.1] INFO  o.a.c.c.C.[Tomcat].[localhost].[/]                 - Destroying Spring FrameworkServlet 'dispatcherServlet'
2023-11-12 11:26:52,541 [RMI TCP Connection(11)-127.0.0.1] INFO  o.apache.coyote.http11.Http11NioProtocol           - Stopping ProtocolHandler ["http-nio-8080"]
2023-11-12 11:26:52,545 [RMI TCP Connection(11)-127.0.0.1] INFO  o.apache.coyote.http11.Http11NioProtocol           - Destroying ProtocolHandler ["http-nio-8080"]
2023-11-12 11:26:52,555 [RMI TCP Connection(11)-127.0.0.1] INFO  o.s.o.j.LocalContainerEntityManagerFactoryBean     - Closing JPA EntityManagerFactory for persistence unit 'default'
2023-11-12 11:26:52,561 [RMI TCP Connection(11)-127.0.0.1] INFO  com.zaxxer.hikari.HikariDataSource                 - HikariPool-1 - Shutdown initiated...
2023-11-12 11:26:52,604 [RMI TCP Connection(11)-127.0.0.1] INFO  com.zaxxer.hikari.HikariDataSource                 - HikariPool-1 - Shutdown completed.
2023-11-12 11:36:59,014 [restartedMain] INFO  com.base.BooksApiApplication                       - Starting BooksApiApplication using Java 17.0.7 on DESKTOP-I95DM75 with PID 9504 (C:\java 24th batch\java 24th batch\BOOKS-API\target\classes started by SANJAY in C:\java 24th batch\java 24th batch\BOOKS-API)
2023-11-12 11:36:59,042 [restartedMain] INFO  com.base.BooksApiApplication                       - No active profile set, falling back to 1 default profile: "default"
2023-11-12 11:36:59,205 [restartedMain] INFO  o.s.b.d.e.DevToolsPropertyDefaultsPostProcessor    - Devtools property defaults active! Set 'spring.devtools.add-properties' to 'false' to disable
2023-11-12 11:36:59,206 [restartedMain] INFO  o.s.b.d.e.DevToolsPropertyDefaultsPostProcessor    - For additional web related logging consider setting the 'logging.level.web' property to 'DEBUG'
2023-11-12 11:37:00,905 [restartedMain] INFO  o.s.d.r.c.RepositoryConfigurationDelegate          - Bootstrapping Spring Data JPA repositories in DEFAULT mode.
2023-11-12 11:37:00,987 [restartedMain] INFO  o.s.d.r.c.RepositoryConfigurationDelegate          - Finished Spring Data repository scanning in 63 ms. Found 1 JPA repository interfaces.
2023-11-12 11:37:01,986 [restartedMain] INFO  o.s.b.w.embedded.tomcat.TomcatWebServer            - Tomcat initialized with port(s): 8080 (http)
2023-11-12 11:37:02,000 [restartedMain] INFO  o.apache.coyote.http11.Http11NioProtocol           - Initializing ProtocolHandler ["http-nio-8080"]
2023-11-12 11:37:02,003 [restartedMain] INFO  org.apache.catalina.core.StandardService           - Starting service [Tomcat]
2023-11-12 11:37:02,005 [restartedMain] INFO  org.apache.catalina.core.StandardEngine            - Starting Servlet engine: [Apache Tomcat/9.0.82]
2023-11-12 11:37:02,143 [restartedMain] INFO  o.a.c.c.C.[Tomcat].[localhost].[/]                 - Initializing Spring embedded WebApplicationContext
2023-11-12 11:37:02,144 [restartedMain] INFO  o.s.b.w.s.c.ServletWebServerApplicationContext     - Root WebApplicationContext: initialization completed in 2933 ms
2023-11-12 11:37:02,473 [restartedMain] INFO  o.hibernate.jpa.internal.util.LogHelper            - HHH000204: Processing PersistenceUnitInfo [name: default]
2023-11-12 11:37:02,582 [restartedMain] INFO  org.hibernate.Version                              - HHH000412: Hibernate ORM core version 5.6.15.Final
2023-11-12 11:37:02,890 [restartedMain] INFO  org.hibernate.annotations.common.Version           - HCANN000001: Hibernate Commons Annotations {5.1.2.Final}
2023-11-12 11:37:03,101 [restartedMain] INFO  com.zaxxer.hikari.HikariDataSource                 - HikariPool-1 - Starting...
2023-11-12 11:37:03,113 [restartedMain] WARN  com.zaxxer.hikari.util.DriverDataSource            - Registered driver with driverClassName=com.mysql.jdbc.Driver was not found, trying direct instantiation.
2023-11-12 11:37:03,840 [restartedMain] INFO  com.zaxxer.hikari.HikariDataSource                 - HikariPool-1 - Start completed.
2023-11-12 11:37:03,895 [restartedMain] INFO  org.hibernate.dialect.Dialect                      - HHH000400: Using dialect: org.hibernate.dialect.MySQL8Dialect
2023-11-12 11:37:05,175 [restartedMain] INFO  o.h.e.t.j.p.i.JtaPlatformInitiator                 - HHH000490: Using JtaPlatform implementation: [org.hibernate.engine.transaction.jta.platform.internal.NoJtaPlatform]
2023-11-12 11:37:05,198 [restartedMain] INFO  o.s.o.j.LocalContainerEntityManagerFactoryBean     - Initialized JPA EntityManagerFactory for persistence unit 'default'
2023-11-12 11:37:06,246 [restartedMain] WARN  o.s.b.a.o.j.JpaBaseConfiguration$JpaWebConfiguration - spring.jpa.open-in-view is enabled by default. Therefore, database queries may be performed during view rendering. Explicitly configure spring.jpa.open-in-view to disable this warning
2023-11-12 11:37:06,523 [restartedMain] INFO  s.d.s.w.PropertySourcedRequestMappingHandlerMapping - Mapped URL path [/v2/api-docs] onto method [springfox.documentation.swagger2.web.Swagger2Controller#getDocumentation(String, HttpServletRequest)]
2023-11-12 11:37:06,756 [restartedMain] INFO  o.s.b.d.a.OptionalLiveReloadServer                 - LiveReload server is running on port 35729
2023-11-12 11:37:07,030 [restartedMain] INFO  o.apache.coyote.http11.Http11NioProtocol           - Starting ProtocolHandler ["http-nio-8080"]
2023-11-12 11:37:07,079 [restartedMain] INFO  o.s.b.w.embedded.tomcat.TomcatWebServer            - Tomcat started on port(s): 8080 (http) with context path ''
2023-11-12 11:37:07,086 [restartedMain] INFO  s.d.s.w.p.DocumentationPluginsBootstrapper         - Context refreshed
2023-11-12 11:37:07,127 [restartedMain] INFO  s.d.s.w.p.DocumentationPluginsBootstrapper         - Found 1 custom documentation plugin(s)
2023-11-12 11:37:07,169 [restartedMain] INFO  s.d.s.w.s.ApiListingReferenceScanner               - Scanning for api listing references
2023-11-12 11:37:07,390 [restartedMain] INFO  com.base.BooksApiApplication                       - Started BooksApiApplication in 9.216 seconds (JVM running for 11.533)
2023-11-12 11:37:15,549 [http-nio-8080-exec-1] INFO  o.a.c.c.C.[Tomcat].[localhost].[/]                 - Initializing Spring DispatcherServlet 'dispatcherServlet'
2023-11-12 11:37:15,549 [http-nio-8080-exec-1] INFO  o.s.web.servlet.DispatcherServlet                  - Initializing Servlet 'dispatcherServlet'
2023-11-12 11:37:15,551 [http-nio-8080-exec-1] INFO  o.s.web.servlet.DispatcherServlet                  - Completed initialization in 1 ms
2023-11-12 12:35:55,196 [RMI TCP Connection(67)-127.0.0.1] INFO  o.s.b.a.SpringApplicationAdminMXBeanRegistrar$SpringApplicationAdmin - Application shutdown requested.
2023-11-12 12:35:55,294 [RMI TCP Connection(67)-127.0.0.1] INFO  o.apache.coyote.http11.Http11NioProtocol           - Pausing ProtocolHandler ["http-nio-8080"]
2023-11-12 12:35:55,294 [RMI TCP Connection(67)-127.0.0.1] INFO  org.apache.catalina.core.StandardService           - Stopping service [Tomcat]
2023-11-12 12:35:55,307 [RMI TCP Connection(67)-127.0.0.1] INFO  o.a.c.c.C.[Tomcat].[localhost].[/]                 - Destroying Spring FrameworkServlet 'dispatcherServlet'
2023-11-12 12:35:55,339 [RMI TCP Connection(67)-127.0.0.1] INFO  o.apache.coyote.http11.Http11NioProtocol           - Stopping ProtocolHandler ["http-nio-8080"]
2023-11-12 12:35:55,376 [RMI TCP Connection(67)-127.0.0.1] INFO  o.s.o.j.LocalContainerEntityManagerFactoryBean     - Closing JPA EntityManagerFactory for persistence unit 'default'
2023-11-12 12:35:55,456 [RMI TCP Connection(67)-127.0.0.1] INFO  com.zaxxer.hikari.HikariDataSource                 - HikariPool-1 - Shutdown initiated...
2023-11-12 12:35:55,592 [RMI TCP Connection(67)-127.0.0.1] INFO  com.zaxxer.hikari.HikariDataSource                 - HikariPool-1 - Shutdown completed.
2023-11-12 14:47:03,555 [restartedMain] INFO  com.base.BooksApiApplication                       - Starting BooksApiApplication using Java 17.0.7 on DESKTOP-I95DM75 with PID 14612 (C:\java 24th batch\java 24th batch\BOOKS-API\target\classes started by SANJAY in C:\java 24th batch\java 24th batch\BOOKS-API)
2023-11-12 14:47:03,559 [restartedMain] INFO  com.base.BooksApiApplication                       - No active profile set, falling back to 1 default profile: "default"
2023-11-12 14:47:03,651 [restartedMain] INFO  o.s.b.d.e.DevToolsPropertyDefaultsPostProcessor    - Devtools property defaults active! Set 'spring.devtools.add-properties' to 'false' to disable
2023-11-12 14:47:03,652 [restartedMain] INFO  o.s.b.d.e.DevToolsPropertyDefaultsPostProcessor    - For additional web related logging consider setting the 'logging.level.web' property to 'DEBUG'
2023-11-12 14:47:05,251 [restartedMain] INFO  o.s.d.r.c.RepositoryConfigurationDelegate          - Bootstrapping Spring Data JPA repositories in DEFAULT mode.
2023-11-12 14:47:05,355 [restartedMain] INFO  o.s.d.r.c.RepositoryConfigurationDelegate          - Finished Spring Data repository scanning in 80 ms. Found 1 JPA repository interfaces.
2023-11-12 14:47:06,355 [restartedMain] INFO  o.s.b.w.embedded.tomcat.TomcatWebServer            - Tomcat initialized with port(s): 8080 (http)
2023-11-12 14:47:06,369 [restartedMain] INFO  o.apache.coyote.http11.Http11NioProtocol           - Initializing ProtocolHandler ["http-nio-8080"]
2023-11-12 14:47:06,372 [restartedMain] INFO  org.apache.catalina.core.StandardService           - Starting service [Tomcat]
2023-11-12 14:47:06,372 [restartedMain] INFO  org.apache.catalina.core.StandardEngine            - Starting Servlet engine: [Apache Tomcat/9.0.82]
2023-11-12 14:47:06,483 [restartedMain] INFO  o.a.c.c.C.[Tomcat].[localhost].[/]                 - Initializing Spring embedded WebApplicationContext
2023-11-12 14:47:06,483 [restartedMain] INFO  o.s.b.w.s.c.ServletWebServerApplicationContext     - Root WebApplicationContext: initialization completed in 2830 ms
2023-11-12 14:47:06,748 [restartedMain] INFO  o.hibernate.jpa.internal.util.LogHelper            - HHH000204: Processing PersistenceUnitInfo [name: default]
2023-11-12 14:47:06,847 [restartedMain] INFO  org.hibernate.Version                              - HHH000412: Hibernate ORM core version 5.6.15.Final
2023-11-12 14:47:07,183 [restartedMain] INFO  org.hibernate.annotations.common.Version           - HCANN000001: Hibernate Commons Annotations {5.1.2.Final}
2023-11-12 14:47:07,344 [restartedMain] INFO  com.zaxxer.hikari.HikariDataSource                 - HikariPool-1 - Starting...
2023-11-12 14:47:07,353 [restartedMain] WARN  com.zaxxer.hikari.util.DriverDataSource            - Registered driver with driverClassName=com.mysql.jdbc.Driver was not found, trying direct instantiation.
2023-11-12 14:47:07,930 [restartedMain] INFO  com.zaxxer.hikari.HikariDataSource                 - HikariPool-1 - Start completed.
2023-11-12 14:47:08,003 [restartedMain] INFO  org.hibernate.dialect.Dialect                      - HHH000400: Using dialect: org.hibernate.dialect.MySQL8Dialect
2023-11-12 14:47:09,056 [restartedMain] INFO  o.h.e.t.j.p.i.JtaPlatformInitiator                 - HHH000490: Using JtaPlatform implementation: [org.hibernate.engine.transaction.jta.platform.internal.NoJtaPlatform]
2023-11-12 14:47:09,071 [restartedMain] INFO  o.s.o.j.LocalContainerEntityManagerFactoryBean     - Initialized JPA EntityManagerFactory for persistence unit 'default'
2023-11-12 14:47:09,702 [restartedMain] WARN  o.s.b.a.o.j.JpaBaseConfiguration$JpaWebConfiguration - spring.jpa.open-in-view is enabled by default. Therefore, database queries may be performed during view rendering. Explicitly configure spring.jpa.open-in-view to disable this warning
2023-11-12 14:47:09,940 [restartedMain] INFO  s.d.s.w.PropertySourcedRequestMappingHandlerMapping - Mapped URL path [/v2/api-docs] onto method [springfox.documentation.swagger2.web.Swagger2Controller#getDocumentation(String, HttpServletRequest)]
2023-11-12 14:47:10,153 [restartedMain] INFO  o.s.b.d.a.OptionalLiveReloadServer                 - LiveReload server is running on port 35729
2023-11-12 14:47:10,490 [restartedMain] INFO  o.apache.coyote.http11.Http11NioProtocol           - Starting ProtocolHandler ["http-nio-8080"]
2023-11-12 14:47:10,528 [restartedMain] INFO  o.s.b.w.embedded.tomcat.TomcatWebServer            - Tomcat started on port(s): 8080 (http) with context path ''
2023-11-12 14:47:10,529 [restartedMain] INFO  s.d.s.w.p.DocumentationPluginsBootstrapper         - Context refreshed
2023-11-12 14:47:10,557 [restartedMain] INFO  s.d.s.w.p.DocumentationPluginsBootstrapper         - Found 1 custom documentation plugin(s)
2023-11-12 14:47:10,598 [restartedMain] INFO  s.d.s.w.s.ApiListingReferenceScanner               - Scanning for api listing references
2023-11-12 14:47:10,761 [restartedMain] INFO  com.base.BooksApiApplication                       - Started BooksApiApplication in 7.854 seconds (JVM running for 9.607)
2023-11-12 14:47:50,895 [http-nio-8080-exec-1] INFO  o.a.c.c.C.[Tomcat].[localhost].[/]                 - Initializing Spring DispatcherServlet 'dispatcherServlet'
2023-11-12 14:47:50,896 [http-nio-8080-exec-1] INFO  o.s.web.servlet.DispatcherServlet                  - Initializing Servlet 'dispatcherServlet'
2023-11-12 14:47:50,899 [http-nio-8080-exec-1] INFO  o.s.web.servlet.DispatcherServlet                  - Completed initialization in 2 ms
2023-11-12 14:48:33,781 [http-nio-8080-exec-5] INFO  com.base.rest.BookRestController                   - Received request to add a book: com.base.binding.Book@623dd025
2023-11-12 14:48:33,781 [http-nio-8080-exec-5] INFO  com.base.service.BookImplen                        - Adding a new book: com.base.binding.Book@623dd025
2023-11-12 14:48:33,978 [http-nio-8080-exec-5] INFO  com.base.service.BookImplen                        - Book added successfully with ID: 6
2023-11-12 14:48:33,979 [http-nio-8080-exec-5] INFO  com.base.rest.BookRestController                   - Book saved successfully
2023-11-12 14:49:35,972 [http-nio-8080-exec-9] INFO  com.base.rest.BookRestController                   - Fetching all books
2023-11-12 14:49:35,973 [http-nio-8080-exec-9] INFO  com.base.service.BookImplen                        - Fetching all books
2023-11-12 14:50:11,160 [http-nio-8080-exec-3] INFO  com.base.rest.BookRestController                   - Fetching all books
2023-11-12 14:50:11,160 [http-nio-8080-exec-3] INFO  com.base.service.BookImplen                        - Fetching all books
2023-11-12 14:51:20,409 [File Watcher] INFO  o.s.b.d.a.LocalDevToolsAutoConfiguration$RestartingClassPathChangeChangedEventListener - Restarting due to 1 class path change (0 additions, 0 deletions, 1 modification)
2023-11-12 14:51:20,424 [Thread-4] INFO  o.apache.coyote.http11.Http11NioProtocol           - Pausing ProtocolHandler ["http-nio-8080"]
2023-11-12 14:51:20,424 [Thread-4] INFO  org.apache.catalina.core.StandardService           - Stopping service [Tomcat]
2023-11-12 14:51:20,427 [Thread-4] INFO  o.a.c.c.C.[Tomcat].[localhost].[/]                 - Destroying Spring FrameworkServlet 'dispatcherServlet'
2023-11-12 14:51:20,432 [Thread-4] INFO  o.apache.coyote.http11.Http11NioProtocol           - Stopping ProtocolHandler ["http-nio-8080"]
2023-11-12 14:51:20,439 [Thread-4] INFO  o.apache.coyote.http11.Http11NioProtocol           - Destroying ProtocolHandler ["http-nio-8080"]
2023-11-12 14:51:20,462 [Thread-4] INFO  o.s.o.j.LocalContainerEntityManagerFactoryBean     - Closing JPA EntityManagerFactory for persistence unit 'default'
2023-11-12 14:51:20,468 [Thread-4] INFO  com.zaxxer.hikari.HikariDataSource                 - HikariPool-1 - Shutdown initiated...
2023-11-12 14:51:20,485 [Thread-4] INFO  com.zaxxer.hikari.HikariDataSource                 - HikariPool-1 - Shutdown completed.
2023-11-12 14:51:20,629 [restartedMain] INFO  com.base.BooksApiApplication                       - Starting BooksApiApplication using Java 17.0.7 on DESKTOP-I95DM75 with PID 14612 (C:\java 24th batch\java 24th batch\BOOKS-API\target\classes started by SANJAY in C:\java 24th batch\java 24th batch\BOOKS-API)
2023-11-12 14:51:20,630 [restartedMain] INFO  com.base.BooksApiApplication                       - No active profile set, falling back to 1 default profile: "default"
2023-11-12 14:51:21,078 [restartedMain] INFO  o.s.d.r.c.RepositoryConfigurationDelegate          - Bootstrapping Spring Data JPA repositories in DEFAULT mode.
2023-11-12 14:51:21,093 [restartedMain] INFO  o.s.d.r.c.RepositoryConfigurationDelegate          - Finished Spring Data repository scanning in 14 ms. Found 1 JPA repository interfaces.
2023-11-12 14:51:21,247 [restartedMain] INFO  o.s.b.w.embedded.tomcat.TomcatWebServer            - Tomcat initialized with port(s): 8080 (http)
2023-11-12 14:51:21,248 [restartedMain] INFO  o.apache.coyote.http11.Http11NioProtocol           - Initializing ProtocolHandler ["http-nio-8080"]
2023-11-12 14:51:21,248 [restartedMain] INFO  org.apache.catalina.core.StandardService           - Starting service [Tomcat]
2023-11-12 14:51:21,249 [restartedMain] INFO  org.apache.catalina.core.StandardEngine            - Starting Servlet engine: [Apache Tomcat/9.0.82]
2023-11-12 14:51:21,282 [restartedMain] INFO  o.a.c.c.C.[Tomcat].[localhost].[/]                 - Initializing Spring embedded WebApplicationContext
2023-11-12 14:51:21,283 [restartedMain] INFO  o.s.b.w.s.c.ServletWebServerApplicationContext     - Root WebApplicationContext: initialization completed in 645 ms
2023-11-12 14:51:21,340 [restartedMain] INFO  o.hibernate.jpa.internal.util.LogHelper            - HHH000204: Processing PersistenceUnitInfo [name: default]
2023-11-12 14:51:21,349 [restartedMain] INFO  com.zaxxer.hikari.HikariDataSource                 - HikariPool-2 - Starting...
2023-11-12 14:51:21,349 [restartedMain] WARN  com.zaxxer.hikari.util.DriverDataSource            - Registered driver with driverClassName=com.mysql.jdbc.Driver was not found, trying direct instantiation.
2023-11-12 14:51:21,382 [restartedMain] INFO  com.zaxxer.hikari.HikariDataSource                 - HikariPool-2 - Start completed.
2023-11-12 14:51:21,382 [restartedMain] INFO  org.hibernate.dialect.Dialect                      - HHH000400: Using dialect: org.hibernate.dialect.MySQL8Dialect
2023-11-12 14:51:21,446 [restartedMain] INFO  o.h.e.t.j.p.i.JtaPlatformInitiator                 - HHH000490: Using JtaPlatform implementation: [org.hibernate.engine.transaction.jta.platform.internal.NoJtaPlatform]
2023-11-12 14:51:21,447 [restartedMain] INFO  o.s.o.j.LocalContainerEntityManagerFactoryBean     - Initialized JPA EntityManagerFactory for persistence unit 'default'
2023-11-12 14:51:21,720 [restartedMain] WARN  o.s.b.a.o.j.JpaBaseConfiguration$JpaWebConfiguration - spring.jpa.open-in-view is enabled by default. Therefore, database queries may be performed during view rendering. Explicitly configure spring.jpa.open-in-view to disable this warning
2023-11-12 14:51:21,779 [restartedMain] INFO  s.d.s.w.PropertySourcedRequestMappingHandlerMapping - Mapped URL path [/v2/api-docs] onto method [springfox.documentation.swagger2.web.Swagger2Controller#getDocumentation(String, HttpServletRequest)]
2023-11-12 14:51:21,854 [restartedMain] INFO  o.s.b.d.a.OptionalLiveReloadServer                 - LiveReload server is running on port 35729
2023-11-12 14:51:21,934 [restartedMain] INFO  o.apache.coyote.http11.Http11NioProtocol           - Starting ProtocolHandler ["http-nio-8080"]
2023-11-12 14:51:21,941 [restartedMain] INFO  o.s.b.w.embedded.tomcat.TomcatWebServer            - Tomcat started on port(s): 8080 (http) with context path ''
2023-11-12 14:51:21,942 [restartedMain] INFO  s.d.s.w.p.DocumentationPluginsBootstrapper         - Context refreshed
2023-11-12 14:51:21,943 [restartedMain] INFO  s.d.s.w.p.DocumentationPluginsBootstrapper         - Found 1 custom documentation plugin(s)
2023-11-12 14:51:21,949 [restartedMain] INFO  s.d.s.w.s.ApiListingReferenceScanner               - Scanning for api listing references
2023-11-12 14:51:21,980 [restartedMain] INFO  com.base.BooksApiApplication                       - Started BooksApiApplication in 1.41 seconds (JVM running for 260.826)
2023-11-12 14:51:21,983 [restartedMain] INFO  o.s.b.d.a.ConditionEvaluationDeltaLoggingListener  - Condition evaluation unchanged
2023-11-12 14:51:40,142 [http-nio-8080-exec-1] INFO  o.a.c.c.C.[Tomcat].[localhost].[/]                 - Initializing Spring DispatcherServlet 'dispatcherServlet'
2023-11-12 14:51:40,142 [http-nio-8080-exec-1] INFO  o.s.web.servlet.DispatcherServlet                  - Initializing Servlet 'dispatcherServlet'
2023-11-12 14:51:40,144 [http-nio-8080-exec-1] INFO  o.s.web.servlet.DispatcherServlet                  - Completed initialization in 1 ms
2023-11-12 14:51:48,837 [http-nio-8080-exec-8] INFO  com.base.rest.BookRestController                   - Fetching all books
2023-11-12 14:54:23,572 [http-nio-8080-exec-4] INFO  com.base.rest.BookRestController                   - Received request to delete book with ID: 4
2023-11-12 14:54:23,657 [http-nio-8080-exec-4] INFO  com.base.rest.BookRestController                   - Book deleted successfully
2023-11-12 14:55:35,693 [http-nio-8080-exec-9] INFO  com.base.rest.BookRestController                   - Fetching book by ID: 2
2023-11-12 14:56:55,331 [File Watcher] INFO  o.s.b.d.a.LocalDevToolsAutoConfiguration$RestartingClassPathChangeChangedEventListener - Restarting due to 1 class path change (0 additions, 0 deletions, 1 modification)
2023-11-12 14:56:55,343 [Thread-7] INFO  o.apache.coyote.http11.Http11NioProtocol           - Pausing ProtocolHandler ["http-nio-8080"]
2023-11-12 14:56:55,344 [Thread-7] INFO  org.apache.catalina.core.StandardService           - Stopping service [Tomcat]
2023-11-12 14:56:55,345 [Thread-7] INFO  o.a.c.c.C.[Tomcat].[localhost].[/]                 - Destroying Spring FrameworkServlet 'dispatcherServlet'
2023-11-12 14:56:55,349 [Thread-7] INFO  o.apache.coyote.http11.Http11NioProtocol           - Stopping ProtocolHandler ["http-nio-8080"]
2023-11-12 14:56:55,353 [Thread-7] INFO  o.apache.coyote.http11.Http11NioProtocol           - Destroying ProtocolHandler ["http-nio-8080"]
2023-11-12 14:56:55,359 [Thread-7] INFO  o.s.o.j.LocalContainerEntityManagerFactoryBean     - Closing JPA EntityManagerFactory for persistence unit 'default'
2023-11-12 14:56:55,360 [Thread-7] INFO  com.zaxxer.hikari.HikariDataSource                 - HikariPool-2 - Shutdown initiated...
2023-11-12 14:56:55,371 [Thread-7] INFO  com.zaxxer.hikari.HikariDataSource                 - HikariPool-2 - Shutdown completed.
2023-11-12 14:56:55,514 [restartedMain] INFO  com.base.BooksApiApplication                       - Starting BooksApiApplication using Java 17.0.7 on DESKTOP-I95DM75 with PID 14612 (C:\java 24th batch\java 24th batch\BOOKS-API\target\classes started by SANJAY in C:\java 24th batch\java 24th batch\BOOKS-API)
2023-11-12 14:56:55,515 [restartedMain] INFO  com.base.BooksApiApplication                       - No active profile set, falling back to 1 default profile: "default"
2023-11-12 14:56:55,959 [restartedMain] INFO  o.s.d.r.c.RepositoryConfigurationDelegate          - Bootstrapping Spring Data JPA repositories in DEFAULT mode.
2023-11-12 14:56:55,973 [restartedMain] INFO  o.s.d.r.c.RepositoryConfigurationDelegate          - Finished Spring Data repository scanning in 12 ms. Found 1 JPA repository interfaces.
2023-11-12 14:56:56,127 [restartedMain] INFO  o.s.b.w.embedded.tomcat.TomcatWebServer            - Tomcat initialized with port(s): 8080 (http)
2023-11-12 14:56:56,128 [restartedMain] INFO  o.apache.coyote.http11.Http11NioProtocol           - Initializing ProtocolHandler ["http-nio-8080"]
2023-11-12 14:56:56,128 [restartedMain] INFO  org.apache.catalina.core.StandardService           - Starting service [Tomcat]
2023-11-12 14:56:56,128 [restartedMain] INFO  org.apache.catalina.core.StandardEngine            - Starting Servlet engine: [Apache Tomcat/9.0.82]
2023-11-12 14:56:56,162 [restartedMain] INFO  o.a.c.c.C.[Tomcat].[localhost].[/]                 - Initializing Spring embedded WebApplicationContext
2023-11-12 14:56:56,162 [restartedMain] INFO  o.s.b.w.s.c.ServletWebServerApplicationContext     - Root WebApplicationContext: initialization completed in 637 ms
2023-11-12 14:56:56,215 [restartedMain] INFO  o.hibernate.jpa.internal.util.LogHelper            - HHH000204: Processing PersistenceUnitInfo [name: default]
2023-11-12 14:56:56,226 [restartedMain] INFO  com.zaxxer.hikari.HikariDataSource                 - HikariPool-3 - Starting...
2023-11-12 14:56:56,226 [restartedMain] WARN  com.zaxxer.hikari.util.DriverDataSource            - Registered driver with driverClassName=com.mysql.jdbc.Driver was not found, trying direct instantiation.
2023-11-12 14:56:56,255 [restartedMain] INFO  com.zaxxer.hikari.HikariDataSource                 - HikariPool-3 - Start completed.
2023-11-12 14:56:56,256 [restartedMain] INFO  org.hibernate.dialect.Dialect                      - HHH000400: Using dialect: org.hibernate.dialect.MySQL8Dialect
2023-11-12 14:56:56,322 [restartedMain] INFO  o.h.e.t.j.p.i.JtaPlatformInitiator                 - HHH000490: Using JtaPlatform implementation: [org.hibernate.engine.transaction.jta.platform.internal.NoJtaPlatform]
2023-11-12 14:56:56,323 [restartedMain] INFO  o.s.o.j.LocalContainerEntityManagerFactoryBean     - Initialized JPA EntityManagerFactory for persistence unit 'default'
2023-11-12 14:56:56,629 [restartedMain] WARN  o.s.b.a.o.j.JpaBaseConfiguration$JpaWebConfiguration - spring.jpa.open-in-view is enabled by default. Therefore, database queries may be performed during view rendering. Explicitly configure spring.jpa.open-in-view to disable this warning
2023-11-12 14:56:56,704 [restartedMain] INFO  s.d.s.w.PropertySourcedRequestMappingHandlerMapping - Mapped URL path [/v2/api-docs] onto method [springfox.documentation.swagger2.web.Swagger2Controller#getDocumentation(String, HttpServletRequest)]
2023-11-12 14:56:56,806 [restartedMain] INFO  o.s.b.d.a.OptionalLiveReloadServer                 - LiveReload server is running on port 35729
2023-11-12 14:56:56,908 [restartedMain] INFO  o.apache.coyote.http11.Http11NioProtocol           - Starting ProtocolHandler ["http-nio-8080"]
2023-11-12 14:56:56,914 [restartedMain] INFO  o.s.b.w.embedded.tomcat.TomcatWebServer            - Tomcat started on port(s): 8080 (http) with context path ''
2023-11-12 14:56:56,915 [restartedMain] INFO  s.d.s.w.p.DocumentationPluginsBootstrapper         - Context refreshed
2023-11-12 14:56:56,916 [restartedMain] INFO  s.d.s.w.p.DocumentationPluginsBootstrapper         - Found 1 custom documentation plugin(s)
2023-11-12 14:56:56,929 [restartedMain] INFO  s.d.s.w.s.ApiListingReferenceScanner               - Scanning for api listing references
2023-11-12 14:56:56,993 [restartedMain] INFO  com.base.BooksApiApplication                       - Started BooksApiApplication in 1.545 seconds (JVM running for 595.84)
2023-11-12 14:56:56,996 [restartedMain] INFO  o.s.b.d.a.ConditionEvaluationDeltaLoggingListener  - Condition evaluation unchanged
2023-11-12 14:59:06,222 [File Watcher] INFO  o.s.b.d.a.LocalDevToolsAutoConfiguration$RestartingClassPathChangeChangedEventListener - Restarting due to 1 class path change (0 additions, 0 deletions, 1 modification)
2023-11-12 14:59:06,236 [Thread-11] INFO  o.apache.coyote.http11.Http11NioProtocol           - Pausing ProtocolHandler ["http-nio-8080"]
2023-11-12 14:59:06,236 [Thread-11] INFO  org.apache.catalina.core.StandardService           - Stopping service [Tomcat]
2023-11-12 14:59:06,239 [Thread-11] INFO  o.apache.coyote.http11.Http11NioProtocol           - Stopping ProtocolHandler ["http-nio-8080"]
2023-11-12 14:59:06,240 [Thread-11] INFO  o.apache.coyote.http11.Http11NioProtocol           - Destroying ProtocolHandler ["http-nio-8080"]
2023-11-12 14:59:06,243 [Thread-11] INFO  o.s.o.j.LocalContainerEntityManagerFactoryBean     - Closing JPA EntityManagerFactory for persistence unit 'default'
2023-11-12 14:59:06,244 [Thread-11] INFO  com.zaxxer.hikari.HikariDataSource                 - HikariPool-3 - Shutdown initiated...
2023-11-12 14:59:06,253 [Thread-11] INFO  com.zaxxer.hikari.HikariDataSource                 - HikariPool-3 - Shutdown completed.
2023-11-12 14:59:06,377 [restartedMain] INFO  com.base.BooksApiApplication                       - Starting BooksApiApplication using Java 17.0.7 on DESKTOP-I95DM75 with PID 14612 (C:\java 24th batch\java 24th batch\BOOKS-API\target\classes started by SANJAY in C:\java 24th batch\java 24th batch\BOOKS-API)
2023-11-12 14:59:06,381 [restartedMain] INFO  com.base.BooksApiApplication                       - No active profile set, falling back to 1 default profile: "default"
2023-11-12 14:59:06,794 [restartedMain] INFO  o.s.d.r.c.RepositoryConfigurationDelegate          - Bootstrapping Spring Data JPA repositories in DEFAULT mode.
2023-11-12 14:59:06,807 [restartedMain] INFO  o.s.d.r.c.RepositoryConfigurationDelegate          - Finished Spring Data repository scanning in 11 ms. Found 1 JPA repository interfaces.
2023-11-12 14:59:06,923 [restartedMain] INFO  o.s.b.w.embedded.tomcat.TomcatWebServer            - Tomcat initialized with port(s): 8080 (http)
2023-11-12 14:59:06,923 [restartedMain] INFO  o.apache.coyote.http11.Http11NioProtocol           - Initializing ProtocolHandler ["http-nio-8080"]
2023-11-12 14:59:06,924 [restartedMain] INFO  org.apache.catalina.core.StandardService           - Starting service [Tomcat]
2023-11-12 14:59:06,924 [restartedMain] INFO  org.apache.catalina.core.StandardEngine            - Starting Servlet engine: [Apache Tomcat/9.0.82]
2023-11-12 14:59:06,956 [restartedMain] INFO  o.a.c.c.C.[Tomcat].[localhost].[/]                 - Initializing Spring embedded WebApplicationContext
2023-11-12 14:59:06,956 [restartedMain] INFO  o.s.b.w.s.c.ServletWebServerApplicationContext     - Root WebApplicationContext: initialization completed in 570 ms
2023-11-12 14:59:06,998 [restartedMain] INFO  o.hibernate.jpa.internal.util.LogHelper            - HHH000204: Processing PersistenceUnitInfo [name: default]
2023-11-12 14:59:07,007 [restartedMain] INFO  com.zaxxer.hikari.HikariDataSource                 - HikariPool-4 - Starting...
2023-11-12 14:59:07,007 [restartedMain] WARN  com.zaxxer.hikari.util.DriverDataSource            - Registered driver with driverClassName=com.mysql.jdbc.Driver was not found, trying direct instantiation.
2023-11-12 14:59:07,028 [restartedMain] INFO  com.zaxxer.hikari.HikariDataSource                 - HikariPool-4 - Start completed.
2023-11-12 14:59:07,029 [restartedMain] INFO  org.hibernate.dialect.Dialect                      - HHH000400: Using dialect: org.hibernate.dialect.MySQL8Dialect
2023-11-12 14:59:07,082 [restartedMain] INFO  o.h.e.t.j.p.i.JtaPlatformInitiator                 - HHH000490: Using JtaPlatform implementation: [org.hibernate.engine.transaction.jta.platform.internal.NoJtaPlatform]
2023-11-12 14:59:07,082 [restartedMain] INFO  o.s.o.j.LocalContainerEntityManagerFactoryBean     - Initialized JPA EntityManagerFactory for persistence unit 'default'
2023-11-12 14:59:07,286 [restartedMain] WARN  o.s.b.a.o.j.JpaBaseConfiguration$JpaWebConfiguration - spring.jpa.open-in-view is enabled by default. Therefore, database queries may be performed during view rendering. Explicitly configure spring.jpa.open-in-view to disable this warning
2023-11-12 14:59:07,342 [restartedMain] INFO  s.d.s.w.PropertySourcedRequestMappingHandlerMapping - Mapped URL path [/v2/api-docs] onto method [springfox.documentation.swagger2.web.Swagger2Controller#getDocumentation(String, HttpServletRequest)]
2023-11-12 14:59:07,406 [restartedMain] INFO  o.s.b.d.a.OptionalLiveReloadServer                 - LiveReload server is running on port 35729
2023-11-12 14:59:07,476 [restartedMain] INFO  o.apache.coyote.http11.Http11NioProtocol           - Starting ProtocolHandler ["http-nio-8080"]
2023-11-12 14:59:07,485 [restartedMain] INFO  o.s.b.w.embedded.tomcat.TomcatWebServer            - Tomcat started on port(s): 8080 (http) with context path ''
2023-11-12 14:59:07,486 [restartedMain] INFO  s.d.s.w.p.DocumentationPluginsBootstrapper         - Context refreshed
2023-11-12 14:59:07,487 [restartedMain] INFO  s.d.s.w.p.DocumentationPluginsBootstrapper         - Found 1 custom documentation plugin(s)
2023-11-12 14:59:07,493 [restartedMain] INFO  s.d.s.w.s.ApiListingReferenceScanner               - Scanning for api listing references
2023-11-12 14:59:07,522 [restartedMain] INFO  com.base.BooksApiApplication                       - Started BooksApiApplication in 1.195 seconds (JVM running for 726.369)
2023-11-12 14:59:07,524 [restartedMain] INFO  o.s.b.d.a.ConditionEvaluationDeltaLoggingListener  - Condition evaluation unchanged
2023-11-12 14:59:11,158 [http-nio-8080-exec-1] INFO  o.a.c.c.C.[Tomcat].[localhost].[/]                 - Initializing Spring DispatcherServlet 'dispatcherServlet'
2023-11-12 14:59:11,158 [http-nio-8080-exec-1] INFO  o.s.web.servlet.DispatcherServlet                  - Initializing Servlet 'dispatcherServlet'
2023-11-12 14:59:11,160 [http-nio-8080-exec-1] INFO  o.s.web.servlet.DispatcherServlet                  - Completed initialization in 2 ms
2023-11-12 14:59:21,475 [http-nio-8080-exec-6] INFO  com.base.rest.BookRestController                   - Fetching book by ID 
2023-11-12 15:00:12,348 [File Watcher] INFO  o.s.b.d.a.LocalDevToolsAutoConfiguration$RestartingClassPathChangeChangedEventListener - Restarting due to 1 class path change (0 additions, 0 deletions, 1 modification)
2023-11-12 15:00:12,360 [Thread-15] INFO  o.apache.coyote.http11.Http11NioProtocol           - Pausing ProtocolHandler ["http-nio-8080"]
2023-11-12 15:00:12,361 [Thread-15] INFO  org.apache.catalina.core.StandardService           - Stopping service [Tomcat]
2023-11-12 15:00:12,362 [Thread-15] INFO  o.a.c.c.C.[Tomcat].[localhost].[/]                 - Destroying Spring FrameworkServlet 'dispatcherServlet'
2023-11-12 15:00:12,365 [Thread-15] INFO  o.apache.coyote.http11.Http11NioProtocol           - Stopping ProtocolHandler ["http-nio-8080"]
2023-11-12 15:00:12,368 [Thread-15] INFO  o.apache.coyote.http11.Http11NioProtocol           - Destroying ProtocolHandler ["http-nio-8080"]
2023-11-12 15:00:12,370 [Thread-15] INFO  o.s.o.j.LocalContainerEntityManagerFactoryBean     - Closing JPA EntityManagerFactory for persistence unit 'default'
2023-11-12 15:00:12,371 [Thread-15] INFO  com.zaxxer.hikari.HikariDataSource                 - HikariPool-4 - Shutdown initiated...
2023-11-12 15:00:12,383 [Thread-15] INFO  com.zaxxer.hikari.HikariDataSource                 - HikariPool-4 - Shutdown completed.
2023-11-12 15:00:12,528 [restartedMain] INFO  com.base.BooksApiApplication                       - Starting BooksApiApplication using Java 17.0.7 on DESKTOP-I95DM75 with PID 14612 (C:\java 24th batch\java 24th batch\BOOKS-API\target\classes started by SANJAY in C:\java 24th batch\java 24th batch\BOOKS-API)
2023-11-12 15:00:12,528 [restartedMain] INFO  com.base.BooksApiApplication                       - No active profile set, falling back to 1 default profile: "default"
2023-11-12 15:00:12,962 [restartedMain] INFO  o.s.d.r.c.RepositoryConfigurationDelegate          - Bootstrapping Spring Data JPA repositories in DEFAULT mode.
2023-11-12 15:00:12,973 [restartedMain] INFO  o.s.d.r.c.RepositoryConfigurationDelegate          - Finished Spring Data repository scanning in 11 ms. Found 1 JPA repository interfaces.
2023-11-12 15:00:13,094 [restartedMain] INFO  o.s.b.w.embedded.tomcat.TomcatWebServer            - Tomcat initialized with port(s): 8080 (http)
2023-11-12 15:00:13,095 [restartedMain] INFO  o.apache.coyote.http11.Http11NioProtocol           - Initializing ProtocolHandler ["http-nio-8080"]
2023-11-12 15:00:13,095 [restartedMain] INFO  org.apache.catalina.core.StandardService           - Starting service [Tomcat]
2023-11-12 15:00:13,096 [restartedMain] INFO  org.apache.catalina.core.StandardEngine            - Starting Servlet engine: [Apache Tomcat/9.0.82]
2023-11-12 15:00:13,122 [restartedMain] INFO  o.a.c.c.C.[Tomcat].[localhost].[/]                 - Initializing Spring embedded WebApplicationContext
2023-11-12 15:00:13,122 [restartedMain] INFO  o.s.b.w.s.c.ServletWebServerApplicationContext     - Root WebApplicationContext: initialization completed in 590 ms
2023-11-12 15:00:13,168 [restartedMain] INFO  o.hibernate.jpa.internal.util.LogHelper            - HHH000204: Processing PersistenceUnitInfo [name: default]
2023-11-12 15:00:13,174 [restartedMain] INFO  com.zaxxer.hikari.HikariDataSource                 - HikariPool-5 - Starting...
2023-11-12 15:00:13,174 [restartedMain] WARN  com.zaxxer.hikari.util.DriverDataSource            - Registered driver with driverClassName=com.mysql.jdbc.Driver was not found, trying direct instantiation.
2023-11-12 15:00:13,198 [restartedMain] INFO  com.zaxxer.hikari.HikariDataSource                 - HikariPool-5 - Start completed.
2023-11-12 15:00:13,198 [restartedMain] INFO  org.hibernate.dialect.Dialect                      - HHH000400: Using dialect: org.hibernate.dialect.MySQL8Dialect
2023-11-12 15:00:13,256 [restartedMain] INFO  o.h.e.t.j.p.i.JtaPlatformInitiator                 - HHH000490: Using JtaPlatform implementation: [org.hibernate.engine.transaction.jta.platform.internal.NoJtaPlatform]
2023-11-12 15:00:13,257 [restartedMain] INFO  o.s.o.j.LocalContainerEntityManagerFactoryBean     - Initialized JPA EntityManagerFactory for persistence unit 'default'
2023-11-12 15:00:13,447 [restartedMain] WARN  o.s.b.a.o.j.JpaBaseConfiguration$JpaWebConfiguration - spring.jpa.open-in-view is enabled by default. Therefore, database queries may be performed during view rendering. Explicitly configure spring.jpa.open-in-view to disable this warning
2023-11-12 15:00:13,495 [restartedMain] INFO  s.d.s.w.PropertySourcedRequestMappingHandlerMapping - Mapped URL path [/v2/api-docs] onto method [springfox.documentation.swagger2.web.Swagger2Controller#getDocumentation(String, HttpServletRequest)]
2023-11-12 15:00:13,548 [restartedMain] INFO  o.s.b.d.a.OptionalLiveReloadServer                 - LiveReload server is running on port 35729
2023-11-12 15:00:13,621 [restartedMain] INFO  o.apache.coyote.http11.Http11NioProtocol           - Starting ProtocolHandler ["http-nio-8080"]
2023-11-12 15:00:13,629 [restartedMain] INFO  o.s.b.w.embedded.tomcat.TomcatWebServer            - Tomcat started on port(s): 8080 (http) with context path ''
2023-11-12 15:00:13,630 [restartedMain] INFO  s.d.s.w.p.DocumentationPluginsBootstrapper         - Context refreshed
2023-11-12 15:00:13,631 [restartedMain] INFO  s.d.s.w.p.DocumentationPluginsBootstrapper         - Found 1 custom documentation plugin(s)
2023-11-12 15:00:13,638 [restartedMain] INFO  s.d.s.w.s.ApiListingReferenceScanner               - Scanning for api listing references
2023-11-12 15:00:13,667 [restartedMain] INFO  com.base.BooksApiApplication                       - Started BooksApiApplication in 1.197 seconds (JVM running for 792.514)
2023-11-12 15:00:13,669 [restartedMain] INFO  o.s.b.d.a.ConditionEvaluationDeltaLoggingListener  - Condition evaluation unchanged
2023-11-12 15:00:39,724 [http-nio-8080-exec-1] INFO  o.a.c.c.C.[Tomcat].[localhost].[/]                 - Initializing Spring DispatcherServlet 'dispatcherServlet'
2023-11-12 15:00:39,724 [http-nio-8080-exec-1] INFO  o.s.web.servlet.DispatcherServlet                  - Initializing Servlet 'dispatcherServlet'
2023-11-12 15:00:39,728 [http-nio-8080-exec-1] INFO  o.s.web.servlet.DispatcherServlet                  - Completed initialization in 4 ms
2023-11-12 15:00:39,731 [http-nio-8080-exec-1] INFO  com.base.rest.BookRestController                   - Fetching book by ID : 3
2023-11-12 15:00:50,328 [http-nio-8080-exec-5] INFO  com.base.rest.BookRestController                   - Fetching book by ID : 3
2023-11-12 15:01:37,824 [File Watcher] INFO  o.s.b.d.a.LocalDevToolsAutoConfiguration$RestartingClassPathChangeChangedEventListener - Restarting due to 1 class path change (0 additions, 0 deletions, 1 modification)
2023-11-12 15:01:37,835 [Thread-19] INFO  o.apache.coyote.http11.Http11NioProtocol           - Pausing ProtocolHandler ["http-nio-8080"]
2023-11-12 15:01:37,835 [Thread-19] INFO  org.apache.catalina.core.StandardService           - Stopping service [Tomcat]
2023-11-12 15:01:37,836 [Thread-19] INFO  o.a.c.c.C.[Tomcat].[localhost].[/]                 - Destroying Spring FrameworkServlet 'dispatcherServlet'
2023-11-12 15:01:37,842 [Thread-19] INFO  o.apache.coyote.http11.Http11NioProtocol           - Stopping ProtocolHandler ["http-nio-8080"]
2023-11-12 15:01:37,844 [Thread-19] INFO  o.apache.coyote.http11.Http11NioProtocol           - Destroying ProtocolHandler ["http-nio-8080"]
2023-11-12 15:01:37,846 [Thread-19] INFO  o.s.o.j.LocalContainerEntityManagerFactoryBean     - Closing JPA EntityManagerFactory for persistence unit 'default'
2023-11-12 15:01:37,847 [Thread-19] INFO  com.zaxxer.hikari.HikariDataSource                 - HikariPool-5 - Shutdown initiated...
2023-11-12 15:01:37,858 [Thread-19] INFO  com.zaxxer.hikari.HikariDataSource                 - HikariPool-5 - Shutdown completed.
2023-11-12 15:01:37,996 [restartedMain] INFO  com.base.BooksApiApplication                       - Starting BooksApiApplication using Java 17.0.7 on DESKTOP-I95DM75 with PID 14612 (C:\java 24th batch\java 24th batch\BOOKS-API\target\classes started by SANJAY in C:\java 24th batch\java 24th batch\BOOKS-API)
2023-11-12 15:01:37,996 [restartedMain] INFO  com.base.BooksApiApplication                       - No active profile set, falling back to 1 default profile: "default"
2023-11-12 15:01:38,374 [restartedMain] INFO  o.s.d.r.c.RepositoryConfigurationDelegate          - Bootstrapping Spring Data JPA repositories in DEFAULT mode.
2023-11-12 15:01:38,384 [restartedMain] INFO  o.s.d.r.c.RepositoryConfigurationDelegate          - Finished Spring Data repository scanning in 9 ms. Found 1 JPA repository interfaces.
2023-11-12 15:01:38,511 [restartedMain] INFO  o.s.b.w.embedded.tomcat.TomcatWebServer            - Tomcat initialized with port(s): 8080 (http)
2023-11-12 15:01:38,512 [restartedMain] INFO  o.apache.coyote.http11.Http11NioProtocol           - Initializing ProtocolHandler ["http-nio-8080"]
2023-11-12 15:01:38,512 [restartedMain] INFO  org.apache.catalina.core.StandardService           - Starting service [Tomcat]
2023-11-12 15:01:38,513 [restartedMain] INFO  org.apache.catalina.core.StandardEngine            - Starting Servlet engine: [Apache Tomcat/9.0.82]
2023-11-12 15:01:38,549 [restartedMain] INFO  o.a.c.c.C.[Tomcat].[localhost].[/]                 - Initializing Spring embedded WebApplicationContext
2023-11-12 15:01:38,549 [restartedMain] INFO  o.s.b.w.s.c.ServletWebServerApplicationContext     - Root WebApplicationContext: initialization completed in 549 ms
2023-11-12 15:01:38,599 [restartedMain] INFO  o.hibernate.jpa.internal.util.LogHelper            - HHH000204: Processing PersistenceUnitInfo [name: default]
2023-11-12 15:01:38,608 [restartedMain] INFO  com.zaxxer.hikari.HikariDataSource                 - HikariPool-6 - Starting...
2023-11-12 15:01:38,609 [restartedMain] WARN  com.zaxxer.hikari.util.DriverDataSource            - Registered driver with driverClassName=com.mysql.jdbc.Driver was not found, trying direct instantiation.
2023-11-12 15:01:38,631 [restartedMain] INFO  com.zaxxer.hikari.HikariDataSource                 - HikariPool-6 - Start completed.
2023-11-12 15:01:38,631 [restartedMain] INFO  org.hibernate.dialect.Dialect                      - HHH000400: Using dialect: org.hibernate.dialect.MySQL8Dialect
2023-11-12 15:01:38,682 [restartedMain] INFO  o.h.e.t.j.p.i.JtaPlatformInitiator                 - HHH000490: Using JtaPlatform implementation: [org.hibernate.engine.transaction.jta.platform.internal.NoJtaPlatform]
2023-11-12 15:01:38,683 [restartedMain] INFO  o.s.o.j.LocalContainerEntityManagerFactoryBean     - Initialized JPA EntityManagerFactory for persistence unit 'default'
2023-11-12 15:01:38,900 [restartedMain] WARN  o.s.b.a.o.j.JpaBaseConfiguration$JpaWebConfiguration - spring.jpa.open-in-view is enabled by default. Therefore, database queries may be performed during view rendering. Explicitly configure spring.jpa.open-in-view to disable this warning
2023-11-12 15:01:38,953 [restartedMain] INFO  s.d.s.w.PropertySourcedRequestMappingHandlerMapping - Mapped URL path [/v2/api-docs] onto method [springfox.documentation.swagger2.web.Swagger2Controller#getDocumentation(String, HttpServletRequest)]
2023-11-12 15:01:39,040 [restartedMain] INFO  o.s.b.d.a.OptionalLiveReloadServer                 - LiveReload server is running on port 35729
2023-11-12 15:01:39,120 [restartedMain] INFO  o.apache.coyote.http11.Http11NioProtocol           - Starting ProtocolHandler ["http-nio-8080"]
2023-11-12 15:01:39,130 [restartedMain] INFO  o.s.b.w.embedded.tomcat.TomcatWebServer            - Tomcat started on port(s): 8080 (http) with context path ''
2023-11-12 15:01:39,130 [restartedMain] INFO  s.d.s.w.p.DocumentationPluginsBootstrapper         - Context refreshed
2023-11-12 15:01:39,133 [restartedMain] INFO  s.d.s.w.p.DocumentationPluginsBootstrapper         - Found 1 custom documentation plugin(s)
2023-11-12 15:01:39,144 [restartedMain] INFO  s.d.s.w.s.ApiListingReferenceScanner               - Scanning for api listing references
2023-11-12 15:01:39,181 [restartedMain] INFO  com.base.BooksApiApplication                       - Started BooksApiApplication in 1.236 seconds (JVM running for 878.027)
2023-11-12 15:01:39,185 [restartedMain] INFO  o.s.b.d.a.ConditionEvaluationDeltaLoggingListener  - Condition evaluation unchanged
2023-11-12 15:01:44,596 [RMI TCP Connection(18)-127.0.0.1] INFO  o.s.b.a.SpringApplicationAdminMXBeanRegistrar$SpringApplicationAdmin - Application shutdown requested.
2023-11-12 15:01:44,609 [RMI TCP Connection(18)-127.0.0.1] INFO  o.apache.coyote.http11.Http11NioProtocol           - Pausing ProtocolHandler ["http-nio-8080"]
2023-11-12 15:01:44,609 [RMI TCP Connection(18)-127.0.0.1] INFO  org.apache.catalina.core.StandardService           - Stopping service [Tomcat]
2023-11-12 15:01:44,612 [RMI TCP Connection(18)-127.0.0.1] INFO  o.apache.coyote.http11.Http11NioProtocol           - Stopping ProtocolHandler ["http-nio-8080"]
2023-11-12 15:01:44,614 [RMI TCP Connection(18)-127.0.0.1] INFO  o.apache.coyote.http11.Http11NioProtocol           - Destroying ProtocolHandler ["http-nio-8080"]
2023-11-12 15:01:44,618 [RMI TCP Connection(18)-127.0.0.1] INFO  o.s.o.j.LocalContainerEntityManagerFactoryBean     - Closing JPA EntityManagerFactory for persistence unit 'default'
2023-11-12 15:01:44,618 [RMI TCP Connection(18)-127.0.0.1] INFO  com.zaxxer.hikari.HikariDataSource                 - HikariPool-6 - Shutdown initiated...
2023-11-12 15:01:44,628 [RMI TCP Connection(18)-127.0.0.1] INFO  com.zaxxer.hikari.HikariDataSource                 - HikariPool-6 - Shutdown completed.
